Using pre-set license
Built from '2020.3/staging' branch; Version is '2020.3.21f1 (a38c86f6690f) revision 10718342'; Using compiler version '192528614'; Build Type 'Release'
OS: 'Windows 10 Home; OS build 19043.1415; Version 2009; 64bit' Language: 'ko' Physical Memory: 16348 MB
BatchMode: 1, IsHumanControllingUs: 0, StartBugReporterOnCrash: 0, Is64bit: 1, IsPro: 0

COMMAND LINE ARGUMENTS:
C:\Program Files\Unity\Hub\Editor\2020.3.21f1\Editor\Unity.exe
-adb2
-batchMode
-noUpm
-name
AssetImportWorker10
-projectPath
C:/Users/asakq/Documents/GitHub/Unity_example/HunterGame
-logFile
Logs/AssetImportWorker10.log
-srvPort
10472
Successfully changed project path to: C:/Users/asakq/Documents/GitHub/Unity_example/HunterGame
C:/Users/asakq/Documents/GitHub/Unity_example/HunterGame
Using Asset Import Pipeline V2.
