Using pre-set license
Built from '2020.3/staging' branch; Version is '2020.3.21f1 (a38c86f6690f) revision 10718342'; Using compiler version '192528614'; Build Type 'Release'
OS: 'Windows 10 Home; OS build 19043.1415; Version 2009; 64bit' Language: 'ko' Physical Memory: 16348 MB
BatchMode: 1, IsHumanControllingUs: 0, StartBugReporterOnCrash: 0, Is64bit: 1, IsPro: 0

COMMAND LINE ARGUMENTS:
C:\Program Files\Unity\Hub\Editor\2020.3.21f1\Editor\Unity.exe
-adb2
-batchMode
-noUpm
-name
AssetImportWorker2
-projectPath
C:/Users/asakq/Documents/GitHub/Unity_example/Anime
-logFile
Logs/AssetImportWorker2.log
-srvPort
13291
Successfully changed project path to: C:/Users/asakq/Documents/GitHub/Unity_example/Anime
C:/Users/asakq/Documents/GitHub/Unity_example/Anime
Using Asset Import Pipeline V2.
Refreshing native plugins compatible for Editor in 134.95 ms, found 2 plugins.
Preloading 0 native plugins for Editor in 0.00 ms.
Initialize engine version: 2020.3.21f1 (a38c86f6690f)
[Subsystems] Discovering subsystems at path C:/Program Files/Unity/Hub/Editor/2020.3.21f1/Editor/Data/Resources/UnitySubsystems
[Subsystems] Discovering subsystems at path C:/Users/asakq/Documents/GitHub/Unity_example/Anime/Assets
GfxDevice: creating device client; threaded=0
Direct3D:
    Version:  Direct3D 11.0 [level 11.1]
    Renderer: NVIDIA GeForce GTX 1050 (ID=0x1c81)
    Vendor:   
    VRAM:     1977 MB
    Driver:   27.21.14.5671
Initialize mono
Mono path[0] = 'C:/Program Files/Unity/Hub/Editor/2020.3.21f1/Editor/Data/Managed'
Mono path[1] = 'C:/Program Files/Unity/Hub/Editor/2020.3.21f1/Editor/Data/MonoBleedingEdge/lib/mono/unityjit'
Mono config path = 'C:/Program Files/Unity/Hub/Editor/2020.3.21f1/Editor/Data/MonoBleedingEdge/etc'
Using monoOptions --debugger-agent=transport=dt_socket,embedding=1,server=y,suspend=n,address=127.0.0.1:56316
Begin MonoManager ReloadAssembly
Registering precompiled unity dll's ...
Register platform support module: C:/Program Files/Unity/Hub/Editor/2020.3.21f1/Editor/Data/PlaybackEngines/WindowsStandaloneSupport/UnityEditor.WindowsStandalone.Extensions.dll
Registered in 0.023577 seconds.
Native extension for WindowsStandalone target not found
Refreshing native plugins compatible for Editor in 117.16 ms, found 2 plugins.
Preloading 0 native plugins for Editor in 0.00 ms.
Mono: successfully reloaded assembly
- Completed reload, in 12.637 seconds
Domain Reload Profiling:
	ReloadAssembly (12639ms)
		BeginReloadAssembly (470ms)
			ExecutionOrderSort (0ms)
			DisableScriptedObjects (0ms)
			BackupInstance (0ms)
			ReleaseScriptingObjects (0ms)
			CreateAndSetChildDomain (2ms)
		EndReloadAssembly (2651ms)
			LoadAssemblies (450ms)
			RebuildTransferFunctionScriptingTraits (0ms)
			SetupTypeCache (741ms)
			ReleaseScriptCaches (0ms)
			RebuildScriptCaches (133ms)
			SetupLoadedEditorAssemblies (1189ms)
				LogAssemblyErrors (0ms)
				InitializePlatformSupportModulesInManaged (17ms)
				SetLoadedEditorAssemblies (0ms)
				RefreshPlugins (117ms)
				BeforeProcessingInitializeOnLoad (64ms)
				ProcessInitializeOnLoadAttributes (712ms)
				ProcessInitializeOnLoadMethodAttributes (247ms)
				AfterProcessingInitializeOnLoad (0ms)
				EditorAssembliesLoaded (32ms)
			ExecutionOrderSort2 (0ms)
			AwakeInstancesAfterBackupRestoration (0ms)
Platform modules already initialized, skipping
Registering precompiled user dll's ...
Registered in 0.070910 seconds.
Begin MonoManager ReloadAssembly
Native extension for WindowsStandalone target not found
Refreshing native plugins compatible for Editor in 3.33 ms, found 2 plugins.
Preloading 0 native plugins for Editor in 0.00 ms.
Mono: successfully reloaded assembly
- Completed reload, in  4.956 seconds
Domain Reload Profiling:
	ReloadAssembly (4967ms)
		BeginReloadAssembly (855ms)
			ExecutionOrderSort (0ms)
			DisableScriptedObjects (20ms)
			BackupInstance (0ms)
			ReleaseScriptingObjects (2ms)
			CreateAndSetChildDomain (84ms)
		EndReloadAssembly (3800ms)
			LoadAssemblies (762ms)
			RebuildTransferFunctionScriptingTraits (1ms)
			SetupTypeCache (1046ms)
			ReleaseScriptCaches (0ms)
			RebuildScriptCaches (186ms)
			SetupLoadedEditorAssemblies (1447ms)
				LogAssemblyErrors (0ms)
				InitializePlatformSupportModulesInManaged (15ms)
				SetLoadedEditorAssemblies (1ms)
				RefreshPlugins (3ms)
				BeforeProcessingInitializeOnLoad (417ms)
				ProcessInitializeOnLoadAttributes (900ms)
				ProcessInitializeOnLoadMethodAttributes (36ms)
				AfterProcessingInitializeOnLoad (75ms)
				EditorAssembliesLoaded (0ms)
			ExecutionOrderSort2 (0ms)
			AwakeInstancesAfterBackupRestoration (34ms)
Platform modules already initialized, skipping
========================================================================
Worker process is ready to serve import requests
Launched and connected shader compiler UnityShaderCompiler.exe after 0.30 seconds
Refreshing native plugins compatible for Editor in 1.31 ms, found 2 plugins.
Preloading 0 native plugins for Editor in 0.00 ms.
Unloading 1512 Unused Serialized files (Serialized files now loaded: 0)
System memory in use before: 76.4 MB.
System memory in use after: 76.5 MB.

Unloading 19 unused Assets to reduce memory usage. Loaded Objects now: 1947.
Total: 14.464800 ms (FindLiveObjects: 0.407200 ms CreateObjectMapping: 0.141700 ms MarkObjects: 13.824600 ms  DeleteObjects: 0.089400 ms)

AssetImportParameters requested are different than current active one (requested -> active):
  custom:framework-win-MediaFoundation: 216162199b28c13a410421893ffa2e32 -> 
  custom:video-decoder-ogg-theora: a1e56fd34408186e4bbccfd4996cb3dc -> 
  custom:container-muxer-webm: aa71ff27fc2769a1b78a27578f13a17b -> 
  custom:container-demuxer-webm: 4f35f7cbe854078d1ac9338744f61a02 -> 
  custom:container-demuxer-ogg: 62fdf1f143b41e24485cea50d1cbac27 -> 
  custom:video-encoder-webm-vp8: eb34c28f22e8b96e1ab97ce403110664 -> 
  custom:video-codec-MediaFoundation-h265: 746d11721c4dcdbdad8f713fa42b33f4 -> 
  custom:video-decoder-webm-vp8: 9c59270c3fd7afecdb556c50c9e8de78 -> 
  custom:audio-decoder-ogg-vorbis: bf7c407c2cedff20999df2af8eb42d56 -> 
  custom:audio-encoder-webm-vorbis: bf7c407c2cedff20999df2af8eb42d56 -> 
========================================================================
Received Import Request.
  path: Assets/unity-chan!/Unity-chan! Model/Art/Models/unitychan.fbx
  artifactKey: Guid(8f0565f23a2b58541a475bd3c1393052) Importer(815301076,1909f56bfc062723c751e8b465ee728b)
Start importing Assets/unity-chan!/Unity-chan! Model/Art/Models/unitychan.fbx using Guid(8f0565f23a2b58541a475bd3c1393052) Importer(815301076,1909f56bfc062723c751e8b465ee728b)  -> (artifact id: 'b539c1d8c4b90771e65dda6c17e8d2ec') in 3.821761 seconds 
  Import took 3.827609 seconds .

========================================================================
Received Import Request.
  Time since last request: 0.000217 seconds.
  path: Assets/unity-chan!/Unity-chan! Model
  artifactKey: Guid(6395fe2434a22ef41b83186b290f8fab) Importer(815301076,1909f56bfc062723c751e8b465ee728b)
Start importing Assets/unity-chan!/Unity-chan! Model using Guid(6395fe2434a22ef41b83186b290f8fab) Importer(815301076,1909f56bfc062723c751e8b465ee728b)  -> (artifact id: '4da1c6fc935fe302be838b1c133b3a4e') in 0.053472 seconds 
  Import took 0.058587 seconds .

========================================================================
Received Import Request.
  Time since last request: 0.021462 seconds.
  path: Assets/unity-chan!/Unity-chan! Model/Art/Models/BoxUnityChan.fbx
  artifactKey: Guid(d6dad0fb52ba12f458cc7ffb66882391) Importer(815301076,1909f56bfc062723c751e8b465ee728b)
Start importing Assets/unity-chan!/Unity-chan! Model/Art/Models/BoxUnityChan.fbx using Guid(d6dad0fb52ba12f458cc7ffb66882391) Importer(815301076,1909f56bfc062723c751e8b465ee728b)  -> (artifact id: '35583e045819f63fd604d97b204b8c70') in 1.513912 seconds 
  Import took 1.540291 seconds .

========================================================================
Received Import Request.
  Time since last request: 0.000267 seconds.
  path: Assets
  artifactKey: Guid(00000000000000001000000000000000) Importer(815301076,1909f56bfc062723c751e8b465ee728b)
Start importing Assets using Guid(00000000000000001000000000000000) Importer(815301076,1909f56bfc062723c751e8b465ee728b)  -> (artifact id: '42d402b061de3733987d63b9cc3b64de') in 0.058822 seconds 
  Import took 0.065070 seconds .

========================================================================
Received Import Request.
  Time since last request: 0.003340 seconds.
  path: Assets/unity-chan!
  artifactKey: Guid(f765fe91eb6c511419c37e27477314c4) Importer(815301076,1909f56bfc062723c751e8b465ee728b)
Start importing Assets/unity-chan! using Guid(f765fe91eb6c511419c37e27477314c4) Importer(815301076,1909f56bfc062723c751e8b465ee728b)  -> (artifact id: '66907e8bb6ca54da30594af26cca0b4d') in 0.022045 seconds 
  Import took 0.040421 seconds .

========================================================================
Received Import Request.
  Time since last request: 15.972326 seconds.
  path: Assets/Motion.controller
  artifactKey: Guid(b2471a8e06c44714e903d311cc18993d) Importer(815301076,1909f56bfc062723c751e8b465ee728b)
Start importing Assets/Motion.controller using Guid(b2471a8e06c44714e903d311cc18993d) Importer(815301076,1909f56bfc062723c751e8b465ee728b)  -> (artifact id: '1b07c7401c3cec00b78ca356fedd7541') in 0.097245 seconds 
  Import took 0.119727 seconds .

========================================================================
Received Import Request.
  Time since last request: 8.881228 seconds.
  path: Assets/FightingMotionsVolume1
  artifactKey: Guid(6b25a820f6e882b4fb8ad0f2442fe445) Importer(815301076,1909f56bfc062723c751e8b465ee728b)
Start importing Assets/FightingMotionsVolume1 using Guid(6b25a820f6e882b4fb8ad0f2442fe445) Importer(815301076,1909f56bfc062723c751e8b465ee728b)  -> (artifact id: 'a029984e816fd46a20dacd399b5ef664') in 0.018957 seconds 
  Import took 0.046992 seconds .

========================================================================
Received Import Request.
  Time since last request: 1.883071 seconds.
  path: Assets/FightingMotionsVolume1/FBX
  artifactKey: Guid(183d0f0718686594e8926497d8e58c83) Importer(815301076,1909f56bfc062723c751e8b465ee728b)
Start importing Assets/FightingMotionsVolume1/FBX using Guid(183d0f0718686594e8926497d8e58c83) Importer(815301076,1909f56bfc062723c751e8b465ee728b)  -> (artifact id: '1092bafaef67193cafb62250dfb6d803') in 0.023828 seconds 
  Import took 0.027186 seconds .

========================================================================
Received Import Request.
  Time since last request: 0.055893 seconds.
  path: Assets/FightingMotionsVolume1/FBX/bb_front_A.fbx
  artifactKey: Guid(0282c4d4925893d41928a32222f24b11) Importer(815301076,1909f56bfc062723c751e8b465ee728b)
Start importing Assets/FightingMotionsVolume1/FBX/bb_front_A.fbx using Guid(0282c4d4925893d41928a32222f24b11) Importer(815301076,1909f56bfc062723c751e8b465ee728b)  -> (artifact id: 'c88bb93e26d37468f4c326fd8a247738') in 0.717261 seconds 
  Import took 0.744931 seconds .

========================================================================
Received Import Request.
  Time since last request: 0.000356 seconds.
  path: Assets/FightingMotionsVolume1/FBX/getup_A.fbx
  artifactKey: Guid(17004ac38f600ff4f90db12b9b2d5433) Importer(815301076,1909f56bfc062723c751e8b465ee728b)
Start importing Assets/FightingMotionsVolume1/FBX/getup_A.fbx using Guid(17004ac38f600ff4f90db12b9b2d5433) Importer(815301076,1909f56bfc062723c751e8b465ee728b)  -> (artifact id: '66e35b9dda4df57ba86cd11a10bd4eac') in 0.161075 seconds 
  Import took 0.206961 seconds .

========================================================================
Received Import Request.
  Time since last request: 0.000838 seconds.
  path: Assets/FightingMotionsVolume1/FBX/hk_rh_right_A.fbx
  artifactKey: Guid(6d57102141fc7184db95eafa963b4572) Importer(815301076,1909f56bfc062723c751e8b465ee728b)
Start importing Assets/FightingMotionsVolume1/FBX/hk_rh_right_A.fbx using Guid(6d57102141fc7184db95eafa963b4572) Importer(815301076,1909f56bfc062723c751e8b465ee728b)  -> (artifact id: 'f3dfb90019c59ceb22259df5268dd6a0') in 0.100509 seconds 
  Import took 0.140102 seconds .

========================================================================
Received Import Request.
  Time since last request: 0.000308 seconds.
  path: Assets/FightingMotionsVolume1/FBX/bd_front_A.fbx
  artifactKey: Guid(570197eb6cbea1c479c35bda442dada9) Importer(815301076,1909f56bfc062723c751e8b465ee728b)
Start importing Assets/FightingMotionsVolume1/FBX/bd_front_A.fbx using Guid(570197eb6cbea1c479c35bda442dada9) Importer(815301076,1909f56bfc062723c751e8b465ee728b)  -> (artifact id: '0e620539e4facb25448866c97c735ae2') in 0.167412 seconds 
  Import took 0.205603 seconds .

========================================================================
Received Import Request.
  Time since last request: 0.001515 seconds.
  path: Assets/FightingMotionsVolume1/FBX/bk_push_left_A.fbx
  artifactKey: Guid(e4f3ef320ac0e124fbd5766ab8a38cde) Importer(815301076,1909f56bfc062723c751e8b465ee728b)
Start importing Assets/FightingMotionsVolume1/FBX/bk_push_left_A.fbx using Guid(e4f3ef320ac0e124fbd5766ab8a38cde) Importer(815301076,1909f56bfc062723c751e8b465ee728b)  -> (artifact id: 'ef07caa1bf32a748c3463dbf8dadf7af') in 0.104189 seconds 
  Import took 0.151134 seconds .

========================================================================
Received Import Request.
  Time since last request: 0.000835 seconds.
  path: Assets/FightingMotionsVolume1/FBX/hd_front_B.fbx
  artifactKey: Guid(3875ee494c5527c40a1c44833d2202d3) Importer(815301076,1909f56bfc062723c751e8b465ee728b)
Start importing Assets/FightingMotionsVolume1/FBX/hd_front_B.fbx using Guid(3875ee494c5527c40a1c44833d2202d3) Importer(815301076,1909f56bfc062723c751e8b465ee728b)  -> (artifact id: 'ea18dbc56c956e3bb684f0cc16c3e94c') in 0.104229 seconds 
  Import took 0.107997 seconds .

========================================================================
Received Import Request.
  Time since last request: 0.000217 seconds.
  path: Assets/FightingMotionsVolume1/FBX/BlueGuy.fbx
  artifactKey: Guid(0bf37dc7372c57146bfc553d666ef609) Importer(815301076,1909f56bfc062723c751e8b465ee728b)
Start importing Assets/FightingMotionsVolume1/FBX/BlueGuy.fbx using Guid(0bf37dc7372c57146bfc553d666ef609) Importer(815301076,1909f56bfc062723c751e8b465ee728b)  -> (artifact id: 'a9037a50b1ea4e2a1054e28417765fb1') in 0.167584 seconds 
  Import took 0.187333 seconds .

========================================================================
Received Import Request.
  Time since last request: 0.003231 seconds.
  path: Assets/FightingMotionsVolume1/FBX/bp_upper_left_A.fbx
  artifactKey: Guid(34b0f0ed3390d964b8b6b299db28f69d) Importer(815301076,1909f56bfc062723c751e8b465ee728b)
Start importing Assets/FightingMotionsVolume1/FBX/bp_upper_left_A.fbx using Guid(34b0f0ed3390d964b8b6b299db28f69d) Importer(815301076,1909f56bfc062723c751e8b465ee728b)  -> (artifact id: '2fb717ee56c0d5e3c0e136ac45a7b16a') in 0.224546 seconds 
  Import took 0.232142 seconds .

========================================================================
Received Import Request.
  Time since last request: 0.015484 seconds.
  path: Assets/FightingMotionsVolume1/FBX/bk_rh_right_A.fbx
  artifactKey: Guid(82ff370070ffcb846a647642afec9429) Importer(815301076,1909f56bfc062723c751e8b465ee728b)
Start importing Assets/FightingMotionsVolume1/FBX/bk_rh_right_A.fbx using Guid(82ff370070ffcb846a647642afec9429) Importer(815301076,1909f56bfc062723c751e8b465ee728b)  -> (artifact id: '05b255c126e3bcbb04812669cf2f3449') in 0.200075 seconds 
  Import took 0.220316 seconds .

========================================================================
Received Import Request.
  Time since last request: 0.013025 seconds.
  path: Assets/FightingMotionsVolume1/FBX/hp_hook_left_A.fbx
  artifactKey: Guid(e85eabbd59e479e48a4b8d0cb836f2e3) Importer(815301076,1909f56bfc062723c751e8b465ee728b)
Start importing Assets/FightingMotionsVolume1/FBX/hp_hook_left_A.fbx using Guid(e85eabbd59e479e48a4b8d0cb836f2e3) Importer(815301076,1909f56bfc062723c751e8b465ee728b)  -> (artifact id: '215f2be824f6932a7ce7ad6cd3f31790') in 0.293859 seconds 
  Import took 0.352181 seconds .

========================================================================
Received Import Request.
  Time since last request: 0.000321 seconds.
  path: Assets/FightingMotionsVolume1/FBX/hp_hook_left_Tiramis.fbx
  artifactKey: Guid(e96932110ac686d4ca3d30528d498dde) Importer(815301076,1909f56bfc062723c751e8b465ee728b)
Start importing Assets/FightingMotionsVolume1/FBX/hp_hook_left_Tiramis.fbx using Guid(e96932110ac686d4ca3d30528d498dde) Importer(815301076,1909f56bfc062723c751e8b465ee728b)  -> (artifact id: '406e0b53e988c15d1900a1f1c1e357d0') in 0.178747 seconds 
  Import took 0.234653 seconds .

========================================================================
Received Import Request.
  Time since last request: 0.000280 seconds.
  path: Assets/FightingMotionsVolume1/FBX/hd_front_A.fbx
  artifactKey: Guid(b1d836fe66d68fe4b9921d0d510eee15) Importer(815301076,1909f56bfc062723c751e8b465ee728b)
Start importing Assets/FightingMotionsVolume1/FBX/hd_front_A.fbx using Guid(b1d836fe66d68fe4b9921d0d510eee15) Importer(815301076,1909f56bfc062723c751e8b465ee728b)  -> (artifact id: '9d168c7d342fa59619c04fa81b7f1764') in 0.141993 seconds 
  Import took 0.183806 seconds .

========================================================================
Received Import Request.
  Time since last request: 0.000316 seconds.
  path: Assets/FightingMotionsVolume1/FBX/hb_front_A.fbx
  artifactKey: Guid(6f36d974de0fac648a26b5796fbfc3c3) Importer(815301076,1909f56bfc062723c751e8b465ee728b)
Start importing Assets/FightingMotionsVolume1/FBX/hb_front_A.fbx using Guid(6f36d974de0fac648a26b5796fbfc3c3) Importer(815301076,1909f56bfc062723c751e8b465ee728b)  -> (artifact id: '0c513a6af59f6ac9fbfb611b274cdbe8') in 0.183566 seconds 
  Import took 0.208811 seconds .

========================================================================
Received Import Request.
  Time since last request: 0.000391 seconds.
  path: Assets/FightingMotionsVolume1/FBX/bp_hook_right_A.fbx
  artifactKey: Guid(8b6ca66cf21170749b7c0644ee77cc39) Importer(815301076,1909f56bfc062723c751e8b465ee728b)
Start importing Assets/FightingMotionsVolume1/FBX/bp_hook_right_A.fbx using Guid(8b6ca66cf21170749b7c0644ee77cc39) Importer(815301076,1909f56bfc062723c751e8b465ee728b)  -> (artifact id: '2ef7118476f971667667d66d4d416b8e') in 0.153820 seconds 
  Import took 0.201896 seconds .

========================================================================
Received Import Request.
  Time since last request: 0.000398 seconds.
  path: Assets/FightingMotionsVolume1/FBX/hp_straight_left_A.fbx
  artifactKey: Guid(e0ad8083c895ff74ea01f55b82884971) Importer(815301076,1909f56bfc062723c751e8b465ee728b)
Start importing Assets/FightingMotionsVolume1/FBX/hp_straight_left_A.fbx using Guid(e0ad8083c895ff74ea01f55b82884971) Importer(815301076,1909f56bfc062723c751e8b465ee728b)  -> (artifact id: '156abd8dba057b4e1db9c07e3b47bd3d') in 0.198392 seconds 
  Import took 0.205752 seconds .

========================================================================
Received Import Request.
  Time since last request: 0.000385 seconds.
  path: Assets/FightingMotionsVolume1/FBX/hk_side_left_A.fbx
  artifactKey: Guid(32ed0de2e84ee9540870e3c35b13272c) Importer(815301076,1909f56bfc062723c751e8b465ee728b)
Start importing Assets/FightingMotionsVolume1/FBX/hk_side_left_A.fbx using Guid(32ed0de2e84ee9540870e3c35b13272c) Importer(815301076,1909f56bfc062723c751e8b465ee728b)  -> (artifact id: '58199bbea8ec98b6dc450b83c6f4dfb5') in 0.136539 seconds 
  Import took 0.176730 seconds .

========================================================================
Received Import Request.
  Time since last request: 264.029634 seconds.
  path: Assets/FightingMotionsVolume1/FBX/nomove/bk_rh_right_A2.fbx
  artifactKey: Guid(fed828ab310f1144e96c82e797cb98b3) Importer(815301076,1909f56bfc062723c751e8b465ee728b)
Start importing Assets/FightingMotionsVolume1/FBX/nomove/bk_rh_right_A2.fbx using Guid(fed828ab310f1144e96c82e797cb98b3) Importer(815301076,1909f56bfc062723c751e8b465ee728b)  -> (artifact id: '3e09f15859dd12a3a754a6c693954296') in 0.170274 seconds 
  Import took 0.207383 seconds .

========================================================================
Received Import Request.
  Time since last request: 0.000261 seconds.
  path: Assets/FightingMotionsVolume1/FBX/nomove/bp_hook_right_A2.fbx
  artifactKey: Guid(2dfa3ced1f180704ba039b8e3a9ee890) Importer(815301076,1909f56bfc062723c751e8b465ee728b)
Start importing Assets/FightingMotionsVolume1/FBX/nomove/bp_hook_right_A2.fbx using Guid(2dfa3ced1f180704ba039b8e3a9ee890) Importer(815301076,1909f56bfc062723c751e8b465ee728b)  -> (artifact id: '24ababa60dd3e2527ae32f9102271de8') in 0.249386 seconds 
  Import took 0.270719 seconds .

========================================================================
Received Import Request.
  Time since last request: 0.008584 seconds.
  path: Assets/unity-chan!/Unity-chan! Model/Art/Animations/unitychan_JUMP01.fbx
  artifactKey: Guid(87486f7b16eedbf4eb26567d70189058) Importer(815301076,1909f56bfc062723c751e8b465ee728b)
Start importing Assets/unity-chan!/Unity-chan! Model/Art/Animations/unitychan_JUMP01.fbx using Guid(87486f7b16eedbf4eb26567d70189058) Importer(815301076,1909f56bfc062723c751e8b465ee728b)  -> (artifact id: '0f4e4154ceecca30fa47e1aa33b9803b') in 0.571690 seconds 
  Import took 0.583585 seconds .

========================================================================
Received Import Request.
  Time since last request: 0.000355 seconds.
  path: Assets/FightingMotionsVolume1/FBX/nomove/move_backward_B2.fbx
  artifactKey: Guid(9a04c3da9b2a41c40b0cd20cfffa4c15) Importer(815301076,1909f56bfc062723c751e8b465ee728b)
Start importing Assets/FightingMotionsVolume1/FBX/nomove/move_backward_B2.fbx using Guid(9a04c3da9b2a41c40b0cd20cfffa4c15) Importer(815301076,1909f56bfc062723c751e8b465ee728b)  -> (artifact id: 'cbe3d2bbc774f2f7c343f22c6e5eda23') in 0.072579 seconds 
  Import took 0.104893 seconds .

========================================================================
Received Import Request.
  Time since last request: 0.000303 seconds.
  path: Assets/FightingMotionsVolume1/FBX/knockdown_A.fbx
  artifactKey: Guid(80c66b0b507d2374e8a428e340dd8414) Importer(815301076,1909f56bfc062723c751e8b465ee728b)
Start importing Assets/FightingMotionsVolume1/FBX/knockdown_A.fbx using Guid(80c66b0b507d2374e8a428e340dd8414) Importer(815301076,1909f56bfc062723c751e8b465ee728b)  -> (artifact id: '468439bacbf997d8f5b6834c50033352') in 0.149401 seconds 
  Import took 0.156939 seconds .

========================================================================
Received Import Request.
  Time since last request: 0.000434 seconds.
  path: Assets/unity-chan!/Unity-chan! Model/Art/Animations/unitychan_LOSE00.fbx
  artifactKey: Guid(c7df2ec8d896a4a15abc7636d440631b) Importer(815301076,1909f56bfc062723c751e8b465ee728b)
Start importing Assets/unity-chan!/Unity-chan! Model/Art/Animations/unitychan_LOSE00.fbx using Guid(c7df2ec8d896a4a15abc7636d440631b) Importer(815301076,1909f56bfc062723c751e8b465ee728b)  -> (artifact id: '5cb2ab5aaed2e500a64a1a572d1dc73a') in 0.329907 seconds 
  Import took 0.360720 seconds .

========================================================================
Received Import Request.
  Time since last request: 0.000269 seconds.
  path: Assets/unity-chan!/Unity-chan! Model/Art/Animations/unitychan_WALK00_B.fbx
  artifactKey: Guid(20fd7934e77f68e4983c9c0fe97c7117) Importer(815301076,1909f56bfc062723c751e8b465ee728b)
Start importing Assets/unity-chan!/Unity-chan! Model/Art/Animations/unitychan_WALK00_B.fbx using Guid(20fd7934e77f68e4983c9c0fe97c7117) Importer(815301076,1909f56bfc062723c751e8b465ee728b)  -> (artifact id: 'becbacc1f54268dea78588c88d5bde4f') in 0.329990 seconds 
  Import took 0.339599 seconds .

========================================================================
Received Import Request.
  Time since last request: 0.000423 seconds.
  path: Assets/unity-chan!/Unity-chan! Model/Art/Animations/unitychan_WALK00_R.fbx
  artifactKey: Guid(dbc663f7e83140241a679da3ca9063b7) Importer(815301076,1909f56bfc062723c751e8b465ee728b)
Start importing Assets/unity-chan!/Unity-chan! Model/Art/Animations/unitychan_WALK00_R.fbx using Guid(dbc663f7e83140241a679da3ca9063b7) Importer(815301076,1909f56bfc062723c751e8b465ee728b)  -> (artifact id: 'b1f8d08b0dc82dc2906686554306d78d') in 0.331134 seconds 
  Import took 0.374033 seconds .

========================================================================
Received Import Request.
  Time since last request: 0.000252 seconds.
  path: Assets/unity-chan!/Unity-chan! Model/Art/Animations/unitychan_WIN00.fbx
  artifactKey: Guid(e2538d48c03da46a8b0c3b59d39a4cab) Importer(815301076,1909f56bfc062723c751e8b465ee728b)
Start importing Assets/unity-chan!/Unity-chan! Model/Art/Animations/unitychan_WIN00.fbx using Guid(e2538d48c03da46a8b0c3b59d39a4cab) Importer(815301076,1909f56bfc062723c751e8b465ee728b)  -> (artifact id: '1ca9b3b9af78f97adaad631a4f66df43') in 0.394272 seconds 
  Import took 0.401654 seconds .

========================================================================
Received Import Request.
  Time since last request: 0.000276 seconds.
  path: Assets/unity-chan!/Unity-chan! Model/Art/Animations/unitychan_HANDUP00_R.fbx
  artifactKey: Guid(84ce5ea31570e6b4ca2949b8fe13ee42) Importer(815301076,1909f56bfc062723c751e8b465ee728b)
Start importing Assets/unity-chan!/Unity-chan! Model/Art/Animations/unitychan_HANDUP00_R.fbx using Guid(84ce5ea31570e6b4ca2949b8fe13ee42) Importer(815301076,1909f56bfc062723c751e8b465ee728b)  -> (artifact id: '4ba746b7924c752fdc018a7986f82621') in 0.305520 seconds 
  Import took 0.349585 seconds .

========================================================================
Received Import Request.
  Time since last request: 0.000295 seconds.
  path: Assets/unity-chan!/Unity-chan! Model/Art/Animations/unitychan_DAMAGED01.fbx
  artifactKey: Guid(c895dff4365ad4506ab680fdc4a0afb8) Importer(815301076,1909f56bfc062723c751e8b465ee728b)
Start importing Assets/unity-chan!/Unity-chan! Model/Art/Animations/unitychan_DAMAGED01.fbx using Guid(c895dff4365ad4506ab680fdc4a0afb8) Importer(815301076,1909f56bfc062723c751e8b465ee728b)  -> (artifact id: '5380f11c638e7f31376a89ad1430f9c2') in 0.231718 seconds 
  Import took 0.248678 seconds .

========================================================================
Received Import Request.
  Time since last request: 0.000349 seconds.
  path: Assets/unity-chan!/Unity-chan! Model/Art/Animations/unitychan_WAIT00.fbx
  artifactKey: Guid(0147e212f97e3d449a4b9e4f5d057180) Importer(815301076,1909f56bfc062723c751e8b465ee728b)
Start importing Assets/unity-chan!/Unity-chan! Model/Art/Animations/unitychan_WAIT00.fbx using Guid(0147e212f97e3d449a4b9e4f5d057180) Importer(815301076,1909f56bfc062723c751e8b465ee728b)  -> (artifact id: '2718eef7df656047ff6d12a8868d1ac7') in 0.296558 seconds 
  Import took 0.302504 seconds .

========================================================================
Received Import Request.
  Time since last request: 0.000806 seconds.
  path: Assets/FightingMotionsVolume1/FBX/hp_straight_right_A.fbx
  artifactKey: Guid(2664f222f7b81d04999f8018fe475b2f) Importer(815301076,1909f56bfc062723c751e8b465ee728b)
Start importing Assets/FightingMotionsVolume1/FBX/hp_straight_right_A.fbx using Guid(2664f222f7b81d04999f8018fe475b2f) Importer(815301076,1909f56bfc062723c751e8b465ee728b)  -> (artifact id: '31c00a304ef7efeb452adab40d70c809') in 0.084505 seconds 
  Import took 0.151873 seconds .

========================================================================
Received Import Request.
  Time since last request: 0.000732 seconds.
  path: Assets/unity-chan!/Unity-chan! Model/Art/Animations/unitychan_UMATOBI00.fbx
  artifactKey: Guid(8bf916c92a6742d4ea62fd210c3fd0e6) Importer(815301076,1909f56bfc062723c751e8b465ee728b)
Start importing Assets/unity-chan!/Unity-chan! Model/Art/Animations/unitychan_UMATOBI00.fbx using Guid(8bf916c92a6742d4ea62fd210c3fd0e6) Importer(815301076,1909f56bfc062723c751e8b465ee728b)  -> (artifact id: '6f9b45d051377ba7b0091daebec04085') in 0.603671 seconds 
  Import took 0.647779 seconds .

========================================================================
Received Import Request.
  Time since last request: 0.000586 seconds.
  path: Assets/FightingMotionsVolume1/FBX/nomove/hp_straight_right_A2.fbx
  artifactKey: Guid(dcf93b2e2e55c0c41a9c449084c2c861) Importer(815301076,1909f56bfc062723c751e8b465ee728b)
Start importing Assets/FightingMotionsVolume1/FBX/nomove/hp_straight_right_A2.fbx using Guid(dcf93b2e2e55c0c41a9c449084c2c861) Importer(815301076,1909f56bfc062723c751e8b465ee728b)  -> (artifact id: 'ab40bfdc6cd74d23ee2478937bec33f8') in 0.068258 seconds 
  Import took 0.076821 seconds .

========================================================================
Received Import Request.
  Time since last request: 0.000374 seconds.
  path: Assets/FightingMotionsVolume1/FBX/lk_rh_right_Tiramis.fbx
  artifactKey: Guid(96bd314225bd5934dbcde0048ded2180) Importer(815301076,1909f56bfc062723c751e8b465ee728b)
Start importing Assets/FightingMotionsVolume1/FBX/lk_rh_right_Tiramis.fbx using Guid(96bd314225bd5934dbcde0048ded2180) Importer(815301076,1909f56bfc062723c751e8b465ee728b)  -> (artifact id: 'a4f989039a626f9bc6140ba39fc69905') in 0.158088 seconds 
  Import took 0.205963 seconds .

========================================================================
Received Import Request.
  Time since last request: 0.000313 seconds.
  path: Assets/unity-chan!/Unity-chan! Model/Art/Animations/unitychan_WAIT01.fbx
  artifactKey: Guid(1e79f5e733df84044a45d6ab05035627) Importer(815301076,1909f56bfc062723c751e8b465ee728b)
Start importing Assets/unity-chan!/Unity-chan! Model/Art/Animations/unitychan_WAIT01.fbx using Guid(1e79f5e733df84044a45d6ab05035627) Importer(815301076,1909f56bfc062723c751e8b465ee728b)  -> (artifact id: '3ca29a6b8c6e4ec5463078e75af621aa') in 0.301023 seconds 
  Import took 0.347848 seconds .

========================================================================
Received Import Request.
  Time since last request: 0.000324 seconds.
  path: Assets/unity-chan!/Unity-chan! Model/Art/Animations/unitychan_WALK00_F.fbx
  artifactKey: Guid(e52be2fa48716194ea1d9d76686005f8) Importer(815301076,1909f56bfc062723c751e8b465ee728b)
Start importing Assets/unity-chan!/Unity-chan! Model/Art/Animations/unitychan_WALK00_F.fbx using Guid(e52be2fa48716194ea1d9d76686005f8) Importer(815301076,1909f56bfc062723c751e8b465ee728b)  -> (artifact id: '0eba9db8b6a389cb2cb8726f19ff017e') in 0.604536 seconds 
  Import took 0.636706 seconds .

========================================================================
Received Import Request.
  Time since last request: 0.000410 seconds.
  path: Assets/FightingMotionsVolume1/FBX/nomove/lk_rh_right_A2.fbx
  artifactKey: Guid(7b2ee5b5217b0fb4188ff8ab278ec625) Importer(815301076,1909f56bfc062723c751e8b465ee728b)
Start importing Assets/FightingMotionsVolume1/FBX/nomove/lk_rh_right_A2.fbx using Guid(7b2ee5b5217b0fb4188ff8ab278ec625) Importer(815301076,1909f56bfc062723c751e8b465ee728b)  -> (artifact id: '22978a72f12fd0c674a445d345d8256c') in 0.150943 seconds 
  Import took 0.182380 seconds .

========================================================================
Received Import Request.
  Time since last request: 0.000344 seconds.
  path: Assets/FightingMotionsVolume1/FBX/knockdown_loop_A.fbx
  artifactKey: Guid(3ff1228a6fef1834f96812bc96c1d41b) Importer(815301076,1909f56bfc062723c751e8b465ee728b)
Start importing Assets/FightingMotionsVolume1/FBX/knockdown_loop_A.fbx using Guid(3ff1228a6fef1834f96812bc96c1d41b) Importer(815301076,1909f56bfc062723c751e8b465ee728b)  -> (artifact id: '586569ea11f4bd75ad616649f4198bea') in 0.103148 seconds 
  Import took 0.124028 seconds .

========================================================================
Received Import Request.
  Time since last request: 0.000392 seconds.
  path: Assets/FightingMotionsVolume1/FBX/win_A.fbx
  artifactKey: Guid(ac5e1deee6f0b284fbbae6a3fe80b6ef) Importer(815301076,1909f56bfc062723c751e8b465ee728b)
Start importing Assets/FightingMotionsVolume1/FBX/win_A.fbx using Guid(ac5e1deee6f0b284fbbae6a3fe80b6ef) Importer(815301076,1909f56bfc062723c751e8b465ee728b)  -> (artifact id: '4f42da54417a5643d33a236a5580d351') in 0.137782 seconds 
  Import took 0.154955 seconds .

========================================================================
Received Import Request.
  Time since last request: 0.000632 seconds.
  path: Assets/unity-chan!/Unity-chan! Model/Art/Animations/unitychan_REFLESH00.fbx
  artifactKey: Guid(842226a6a478847f9b6f5c746ae1cb95) Importer(815301076,1909f56bfc062723c751e8b465ee728b)
Start importing Assets/unity-chan!/Unity-chan! Model/Art/Animations/unitychan_REFLESH00.fbx using Guid(842226a6a478847f9b6f5c746ae1cb95) Importer(815301076,1909f56bfc062723c751e8b465ee728b)  -> (artifact id: 'b939c3d10bde014f519a782391d4dc86') in 0.314275 seconds 
  Import took 0.344941 seconds .

========================================================================
Received Import Request.
  Time since last request: 0.000585 seconds.
  path: Assets/FightingMotionsVolume1/FBX/nomove/move_forward_B2.fbx
  artifactKey: Guid(0dfeae590efe0e741ac2334c0837c209) Importer(815301076,1909f56bfc062723c751e8b465ee728b)
Start importing Assets/FightingMotionsVolume1/FBX/nomove/move_forward_B2.fbx using Guid(0dfeae590efe0e741ac2334c0837c209) Importer(815301076,1909f56bfc062723c751e8b465ee728b)  -> (artifact id: '19e7cb7e414a1a233f4591ebde9c2879') in 0.101063 seconds 
  Import took 0.146659 seconds .

========================================================================
Received Import Request.
  Time since last request: 0.000343 seconds.
  path: Assets/unity-chan!/Unity-chan! Model/Art/Animations/unitychan_JUMP01B.fbx
  artifactKey: Guid(c49b7faf71cf048418fe526d8e233c8e) Importer(815301076,1909f56bfc062723c751e8b465ee728b)
Start importing Assets/unity-chan!/Unity-chan! Model/Art/Animations/unitychan_JUMP01B.fbx using Guid(c49b7faf71cf048418fe526d8e233c8e) Importer(815301076,1909f56bfc062723c751e8b465ee728b)  -> (artifact id: '19013a75ebadf1eecf67157c301008fd') in 0.565866 seconds 
  Import took 0.597500 seconds .

========================================================================
Received Import Request.
  Time since last request: 0.002795 seconds.
  path: Assets/unity-chan!/Unity-chan! Model/Art/Animations/unitychan_RUN00_L.fbx
  artifactKey: Guid(dc7b7dc0360ab494ea2e7625162c6ca3) Importer(815301076,1909f56bfc062723c751e8b465ee728b)
Start importing Assets/unity-chan!/Unity-chan! Model/Art/Animations/unitychan_RUN00_L.fbx using Guid(dc7b7dc0360ab494ea2e7625162c6ca3) Importer(815301076,1909f56bfc062723c751e8b465ee728b)  -> (artifact id: '7fcf9c3e39cf6e1918e0d2816fd5ba31') in 0.694334 seconds 
  Import took 0.747476 seconds .

========================================================================
Received Import Request.
  Time since last request: 0.000253 seconds.
  path: Assets/FightingMotionsVolume1/FBX/nomove/hp_upper_right_A2.fbx
  artifactKey: Guid(0064cb92ace128248a50326a9abf6dd2) Importer(815301076,1909f56bfc062723c751e8b465ee728b)
Start importing Assets/FightingMotionsVolume1/FBX/nomove/hp_upper_right_A2.fbx using Guid(0064cb92ace128248a50326a9abf6dd2) Importer(815301076,1909f56bfc062723c751e8b465ee728b)  -> (artifact id: 'f8ca58d36f220b45211f720f9820553d') in 0.252001 seconds 
  Import took 0.273252 seconds .

========================================================================
Received Import Request.
  Time since last request: 0.001823 seconds.
  path: Assets/FightingMotionsVolume1/FBX/idle_A.fbx
  artifactKey: Guid(6c88f17ac7ff45543a0878e71288c038) Importer(815301076,1909f56bfc062723c751e8b465ee728b)
Start importing Assets/FightingMotionsVolume1/FBX/idle_A.fbx using Guid(6c88f17ac7ff45543a0878e71288c038) Importer(815301076,1909f56bfc062723c751e8b465ee728b)  -> (artifact id: 'dd93e25ef5b878d2d7e7cb6958603905') in 0.207546 seconds 
  Import took 0.247822 seconds .

========================================================================
Received Import Request.
  Time since last request: 0.000416 seconds.
  path: Assets/unity-chan!/Unity-chan! Model/Art/Animations/unitychan_JUMP00.fbx
  artifactKey: Guid(ac75d16809dc0054d8e3449e7ba665f2) Importer(815301076,1909f56bfc062723c751e8b465ee728b)
Start importing Assets/unity-chan!/Unity-chan! Model/Art/Animations/unitychan_JUMP00.fbx using Guid(ac75d16809dc0054d8e3449e7ba665f2) Importer(815301076,1909f56bfc062723c751e8b465ee728b)  -> (artifact id: '377bb69a3b1cf8147207cf568b36290d') in 1.202707 seconds 
  Import took 1.280036 seconds .

========================================================================
Received Import Request.
  Time since last request: 0.000650 seconds.
  path: Assets/unity-chan!/Unity-chan! Model/Art/Animations/unitychan_SLIDE00.fbx
  artifactKey: Guid(a3657ebe445392e44a81a7b112b9cf0c) Importer(815301076,1909f56bfc062723c751e8b465ee728b)
Start importing Assets/unity-chan!/Unity-chan! Model/Art/Animations/unitychan_SLIDE00.fbx using Guid(a3657ebe445392e44a81a7b112b9cf0c) Importer(815301076,1909f56bfc062723c751e8b465ee728b)  -> (artifact id: 'b846b41b20f5e9e244e3db65fbd180bc') in 1.223996 seconds 
  Import took 1.257001 seconds .

========================================================================
Received Import Request.
  Time since last request: 0.000417 seconds.
  path: Assets/FightingMotionsVolume1/FBX/nomove/knockdown_A2.fbx
  artifactKey: Guid(a9b5e79aa73ac11439518a1b4173bb37) Importer(815301076,1909f56bfc062723c751e8b465ee728b)
Start importing Assets/FightingMotionsVolume1/FBX/nomove/knockdown_A2.fbx using Guid(a9b5e79aa73ac11439518a1b4173bb37) Importer(815301076,1909f56bfc062723c751e8b465ee728b)  -> (artifact id: '3d80ff064c2dc1148f58dc19b838e61b') in 0.100205 seconds 
  Import took 0.120921 seconds .

========================================================================
Received Import Request.
  Time since last request: 0.001095 seconds.
  path: Assets/FightingMotionsVolume1/FBX/hp_straight_left_Tiramis.fbx
  artifactKey: Guid(5134975584e9d31438f5ac1f9fd3de18) Importer(815301076,1909f56bfc062723c751e8b465ee728b)
Start importing Assets/FightingMotionsVolume1/FBX/hp_straight_left_Tiramis.fbx using Guid(5134975584e9d31438f5ac1f9fd3de18) Importer(815301076,1909f56bfc062723c751e8b465ee728b)  -> (artifact id: '947936cc1354be07ecce75f345647087') in 0.052781 seconds 
  Import took 0.064649 seconds .

========================================================================
Received Import Request.
  Time since last request: 0.002095 seconds.
  path: Assets/FightingMotionsVolume1/FBX/ld_front_A.fbx
  artifactKey: Guid(028821a698cf0654c8d9d6aa19889290) Importer(815301076,1909f56bfc062723c751e8b465ee728b)
Start importing Assets/FightingMotionsVolume1/FBX/ld_front_A.fbx using Guid(028821a698cf0654c8d9d6aa19889290) Importer(815301076,1909f56bfc062723c751e8b465ee728b)  -> (artifact id: '365d1ca7e555f337e661423f427ebf25') in 0.120677 seconds 
  Import took 0.129048 seconds .

========================================================================
Received Import Request.
  Time since last request: 0.000349 seconds.
  path: Assets/unity-chan!/Unity-chan! Model/Art/Animations/unitychan_WALK00_L.fbx
  artifactKey: Guid(564ea08c07b9a764d8be6f0bbdddfc1c) Importer(815301076,1909f56bfc062723c751e8b465ee728b)
Start importing Assets/unity-chan!/Unity-chan! Model/Art/Animations/unitychan_WALK00_L.fbx using Guid(564ea08c07b9a764d8be6f0bbdddfc1c) Importer(815301076,1909f56bfc062723c751e8b465ee728b)  -> (artifact id: '6982fac7b37b8f801f0ab82f7eb745d2') in 0.277506 seconds 
  Import took 0.294049 seconds .

========================================================================
Received Import Request.
  Time since last request: 0.000271 seconds.
  path: Assets/FightingMotionsVolume1/FBX/nomove/hk_side_left_A2.fbx
  artifactKey: Guid(7b758c29be5b46b49a442501cb39a4df) Importer(815301076,1909f56bfc062723c751e8b465ee728b)
Start importing Assets/FightingMotionsVolume1/FBX/nomove/hk_side_left_A2.fbx using Guid(7b758c29be5b46b49a442501cb39a4df) Importer(815301076,1909f56bfc062723c751e8b465ee728b)  -> (artifact id: 'bd9eb5082df9b6e104e7867c0405aeda') in 0.130359 seconds 
  Import took 0.136117 seconds .

========================================================================
Received Import Request.
  Time since last request: 0.000257 seconds.
  path: Assets/FightingMotionsVolume1/FBX/hp_upper_right_A.fbx
  artifactKey: Guid(59c7dab75889cc747a38565aacf425cb) Importer(815301076,1909f56bfc062723c751e8b465ee728b)
Start importing Assets/FightingMotionsVolume1/FBX/hp_upper_right_A.fbx using Guid(59c7dab75889cc747a38565aacf425cb) Importer(815301076,1909f56bfc062723c751e8b465ee728b)  -> (artifact id: '4ab3871a148a84bc66345d37b21e9498') in 0.065323 seconds 
  Import took 0.068461 seconds .

========================================================================
Received Import Request.
  Time since last request: 0.000237 seconds.
  path: Assets/unity-chan!/Unity-chan! Model/Art/Animations/unitychan_RUN00_R.fbx
  artifactKey: Guid(ffe87c9e4c26d174b8df06771ce447bf) Importer(815301076,1909f56bfc062723c751e8b465ee728b)
Start importing Assets/unity-chan!/Unity-chan! Model/Art/Animations/unitychan_RUN00_R.fbx using Guid(ffe87c9e4c26d174b8df06771ce447bf) Importer(815301076,1909f56bfc062723c751e8b465ee728b)  -> (artifact id: '1118eb56dfc01b8e5cf9e943ae15c23f') in 0.227046 seconds 
  Import took 0.231708 seconds .

========================================================================
Received Import Request.
  Time since last request: 0.000238 seconds.
  path: Assets/unity-chan!/Unity-chan! Model/Art/Animations/unitychan_WAIT03.fbx
  artifactKey: Guid(f98ead48d3193eb43a7839c6847a5b13) Importer(815301076,1909f56bfc062723c751e8b465ee728b)
Start importing Assets/unity-chan!/Unity-chan! Model/Art/Animations/unitychan_WAIT03.fbx using Guid(f98ead48d3193eb43a7839c6847a5b13) Importer(815301076,1909f56bfc062723c751e8b465ee728b)  -> (artifact id: 'db53e22373d389f6cc0ed78ec6a985d3') in 0.233322 seconds 
  Import took 0.250585 seconds .

========================================================================
Received Import Request.
  Time since last request: 0.000390 seconds.
  path: Assets/unity-chan!/Unity-chan! Model/Art/Animations/unitychan_WAIT04.fbx
  artifactKey: Guid(685e1a7587d604fd8a8a0a56834063bb) Importer(815301076,1909f56bfc062723c751e8b465ee728b)
Start importing Assets/unity-chan!/Unity-chan! Model/Art/Animations/unitychan_WAIT04.fbx using Guid(685e1a7587d604fd8a8a0a56834063bb) Importer(815301076,1909f56bfc062723c751e8b465ee728b)  -> (artifact id: '1ba1069fbe54e8f0eb2ea4efe182e414') in 0.269989 seconds 
  Import took 0.294876 seconds .

========================================================================
Received Import Request.
  Time since last request: 0.000247 seconds.
  path: Assets/FightingMotionsVolume1/FBX/lk_rh_right_A.fbx
  artifactKey: Guid(eea3a4476bab05b458d87a5b376889c8) Importer(815301076,1909f56bfc062723c751e8b465ee728b)
Start importing Assets/FightingMotionsVolume1/FBX/lk_rh_right_A.fbx using Guid(eea3a4476bab05b458d87a5b376889c8) Importer(815301076,1909f56bfc062723c751e8b465ee728b)  -> (artifact id: '86d0962b52a8af6cdd86af2339fe43bd') in 0.123914 seconds 
  Import took 0.137713 seconds .

========================================================================
Received Import Request.
  Time since last request: 0.001541 seconds.
  path: Assets/FightingMotionsVolume1/FBX/move_forward_B.fbx
  artifactKey: Guid(5c75701039296084fb07becd1460ad4f) Importer(815301076,1909f56bfc062723c751e8b465ee728b)
Start importing Assets/FightingMotionsVolume1/FBX/move_forward_B.fbx using Guid(5c75701039296084fb07becd1460ad4f) Importer(815301076,1909f56bfc062723c751e8b465ee728b)  -> (artifact id: 'af60bd24a6ef75735320c95a0079beca') in 0.115447 seconds 
  Import took 0.129143 seconds .

========================================================================
Received Import Request.
  Time since last request: 0.000326 seconds.
  path: Assets/FightingMotionsVolume1/FBX/nomove/lk_rh_left_A2.fbx
  artifactKey: Guid(09d3d481438fe1342bcac27fe1e47471) Importer(815301076,1909f56bfc062723c751e8b465ee728b)
Start importing Assets/FightingMotionsVolume1/FBX/nomove/lk_rh_left_A2.fbx using Guid(09d3d481438fe1342bcac27fe1e47471) Importer(815301076,1909f56bfc062723c751e8b465ee728b)  -> (artifact id: 'f3fd5dd43f6f417394e46c11fcc26fba') in 0.136232 seconds 
  Import took 0.160228 seconds .

========================================================================
Received Import Request.
  Time since last request: 0.000329 seconds.
  path: Assets/FightingMotionsVolume1/FBX/nomove/bp_upper_left_A2.fbx
  artifactKey: Guid(d28a799ed3743fb459cf17cd032e7d95) Importer(815301076,1909f56bfc062723c751e8b465ee728b)
Start importing Assets/FightingMotionsVolume1/FBX/nomove/bp_upper_left_A2.fbx using Guid(d28a799ed3743fb459cf17cd032e7d95) Importer(815301076,1909f56bfc062723c751e8b465ee728b)  -> (artifact id: '1fc5d8c39d4d8350ab6a678246b2da81') in 0.134229 seconds 
  Import took 0.154152 seconds .

========================================================================
Received Import Request.
  Time since last request: 0.000295 seconds.
  path: Assets/unity-chan!/Unity-chan! Model/Art/Animations/unitychan_ARpose2.fbx
  artifactKey: Guid(edd51f298e7994c498b99bd24c098f52) Importer(815301076,1909f56bfc062723c751e8b465ee728b)
Start importing Assets/unity-chan!/Unity-chan! Model/Art/Animations/unitychan_ARpose2.fbx using Guid(edd51f298e7994c498b99bd24c098f52) Importer(815301076,1909f56bfc062723c751e8b465ee728b)  -> (artifact id: '3aef39a37983551ba5511c2bbd38b31a') in 0.078393 seconds 
  Import took 0.120833 seconds .

========================================================================
Received Import Request.
  Time since last request: 0.000342 seconds.
  path: Assets/unity-chan!/Unity-chan! Model/Art/Animations/unitychan_DAMAGED00.fbx
  artifactKey: Guid(6dd5b57ca7c0d48e4b3e9061e1c88d18) Importer(815301076,1909f56bfc062723c751e8b465ee728b)
Start importing Assets/unity-chan!/Unity-chan! Model/Art/Animations/unitychan_DAMAGED00.fbx using Guid(6dd5b57ca7c0d48e4b3e9061e1c88d18) Importer(815301076,1909f56bfc062723c751e8b465ee728b)  -> (artifact id: '4002d66ee278e39d83b52e41cadfcb9b') in 0.290922 seconds 
  Import took 0.296941 seconds .

========================================================================
Received Import Request.
  Time since last request: 0.000264 seconds.
  path: Assets/unity-chan!/Unity-chan! Model/Art/Animations/unitychan_ARpose1.fbx
  artifactKey: Guid(e8397bfde2758f942a04edaaf7ad57ec) Importer(815301076,1909f56bfc062723c751e8b465ee728b)
Start importing Assets/unity-chan!/Unity-chan! Model/Art/Animations/unitychan_ARpose1.fbx using Guid(e8397bfde2758f942a04edaaf7ad57ec) Importer(815301076,1909f56bfc062723c751e8b465ee728b)  -> (artifact id: 'eade161124a96bb516146c0bd3ba2b48') in 0.108675 seconds 
  Import took 0.144536 seconds .

========================================================================
Received Import Request.
  Time since last request: 0.001942 seconds.
  path: Assets/FightingMotionsVolume1/FBX/lk_rh_left_A.fbx
  artifactKey: Guid(b89157ae667535c4480304ff481b791b) Importer(815301076,1909f56bfc062723c751e8b465ee728b)
Start importing Assets/FightingMotionsVolume1/FBX/lk_rh_left_A.fbx using Guid(b89157ae667535c4480304ff481b791b) Importer(815301076,1909f56bfc062723c751e8b465ee728b)  -> (artifact id: '8cd062cffac83ffa2b8856ab05ed3bc8') in 0.135066 seconds 
  Import took 0.152758 seconds .

========================================================================
Received Import Request.
  Time since last request: 0.013581 seconds.
  path: Assets/unity-chan!/Unity-chan! Model/Art/Animations/unitychan_JUMP00B.fbx
  artifactKey: Guid(d6fd0c7048894427c8663615237d6a77) Importer(815301076,1909f56bfc062723c751e8b465ee728b)
Start importing Assets/unity-chan!/Unity-chan! Model/Art/Animations/unitychan_JUMP00B.fbx using Guid(d6fd0c7048894427c8663615237d6a77) Importer(815301076,1909f56bfc062723c751e8b465ee728b)  -> (artifact id: '8a77470c647f267e88dfcbea1db6e233') in 0.231339 seconds 
  Import took 0.249586 seconds .

========================================================================
Received Import Request.
  Time since last request: 0.000284 seconds.
  path: Assets/FightingMotionsVolume1/FBX/move_backward_B.fbx
  artifactKey: Guid(235c95899b878bb47a6e6decf0954821) Importer(815301076,1909f56bfc062723c751e8b465ee728b)
Start importing Assets/FightingMotionsVolume1/FBX/move_backward_B.fbx using Guid(235c95899b878bb47a6e6decf0954821) Importer(815301076,1909f56bfc062723c751e8b465ee728b)  -> (artifact id: '6f3239ac5427c84b7103be05520dede4') in 0.102711 seconds 
  Import took 0.111424 seconds .

========================================================================
Received Import Request.
  Time since last request: 0.001345 seconds.
  path: Assets/FightingMotionsVolume1/FBX/lb_front_A.fbx
  artifactKey: Guid(095c255e0c1c0744d9160d43cdc9e041) Importer(815301076,1909f56bfc062723c751e8b465ee728b)
Start importing Assets/FightingMotionsVolume1/FBX/lb_front_A.fbx using Guid(095c255e0c1c0744d9160d43cdc9e041) Importer(815301076,1909f56bfc062723c751e8b465ee728b)  -> (artifact id: 'cf30b49c859347fab2221ba3fa953e29') in 0.070366 seconds 
  Import took 0.079301 seconds .

========================================================================
Received Import Request.
  Time since last request: 0.000316 seconds.
  path: Assets/unity-chan!/Unity-chan! Model/Art/Animations/unitychan_WAIT02.fbx
  artifactKey: Guid(e54e2e1fa0a994b389fe0654511fac47) Importer(815301076,1909f56bfc062723c751e8b465ee728b)
Start importing Assets/unity-chan!/Unity-chan! Model/Art/Animations/unitychan_WAIT02.fbx using Guid(e54e2e1fa0a994b389fe0654511fac47) Importer(815301076,1909f56bfc062723c751e8b465ee728b)  -> (artifact id: 'dd460f7a577bc69455b4805417ca17fc') in 0.222842 seconds 
  Import took 0.235957 seconds .

========================================================================
Received Import Request.
  Time since last request: 0.000308 seconds.
  path: Assets/unity-chan!/Unity-chan! Model/Art/Animations/unitychan_RUN00_F.fbx
  artifactKey: Guid(26055e26f15260e4e8e0e51f50c41926) Importer(815301076,1909f56bfc062723c751e8b465ee728b)
Start importing Assets/unity-chan!/Unity-chan! Model/Art/Animations/unitychan_RUN00_F.fbx using Guid(26055e26f15260e4e8e0e51f50c41926) Importer(815301076,1909f56bfc062723c751e8b465ee728b)  -> (artifact id: 'e19b4f82006b463199f2d36e97b50aaf') in 0.219448 seconds 
  Import took 0.223735 seconds .

========================================================================
Received Import Request.
  Time since last request: 0.000563 seconds.
  path: Assets/FightingMotionsVolume1/FBX/nomove/hk_rh_right_A2.fbx
  artifactKey: Guid(29d626fded720ee40a139fcd99958641) Importer(815301076,1909f56bfc062723c751e8b465ee728b)
Start importing Assets/FightingMotionsVolume1/FBX/nomove/hk_rh_right_A2.fbx using Guid(29d626fded720ee40a139fcd99958641) Importer(815301076,1909f56bfc062723c751e8b465ee728b)  -> (artifact id: '979e56051d38a78119dce0032f13fb8e') in 0.082875 seconds 
  Import took 0.093984 seconds .

========================================================================
Received Import Request.
  Time since last request: 0.000235 seconds.
  path: Assets/FightingMotionsVolume1/FBX/idle_Tiramis.fbx
  artifactKey: Guid(243b013a8548d9344b2e92934493d476) Importer(815301076,1909f56bfc062723c751e8b465ee728b)
Start importing Assets/FightingMotionsVolume1/FBX/idle_Tiramis.fbx using Guid(243b013a8548d9344b2e92934493d476) Importer(815301076,1909f56bfc062723c751e8b465ee728b)  -> (artifact id: 'd72a70abe51b97db7d308a3fc065c880') in 0.137966 seconds 
  Import took 0.142931 seconds .

========================================================================
Received Import Request.
  Time since last request: 242.229919 seconds.
  path: Assets/NewBehaviourScript.cs
  artifactKey: Guid(22ce8084bc40a03408ea3c43aafd4d25) Importer(815301076,1909f56bfc062723c751e8b465ee728b)
Start importing Assets/NewBehaviourScript.cs using Guid(22ce8084bc40a03408ea3c43aafd4d25) Importer(815301076,1909f56bfc062723c751e8b465ee728b)  -> (artifact id: '96883282453d3063ff497a24e2605f9f') in 0.142978 seconds 
  Import took 0.264721 seconds .

========================================================================
Received Import Request.
  Time since last request: 175.450309 seconds.
  path: Assets/NewBehaviourScript.cs
  artifactKey: Guid(22ce8084bc40a03408ea3c43aafd4d25) Importer(815301076,1909f56bfc062723c751e8b465ee728b)
Start importing Assets/NewBehaviourScript.cs using Guid(22ce8084bc40a03408ea3c43aafd4d25) Importer(815301076,1909f56bfc062723c751e8b465ee728b)  -> (artifact id: 'af979c244bc57bbb35966f99145c7378') in 0.287951 seconds 
  Import took 0.475199 seconds .

========================================================================
Received Prepare
Registering precompiled user dll's ...
Registered in 0.145418 seconds.
Begin MonoManager ReloadAssembly
Native extension for WindowsStandalone target not found
Refreshing native plugins compatible for Editor in 0.89 ms, found 2 plugins.
Preloading 0 native plugins for Editor in 0.00 ms.
Mono: successfully reloaded assembly
- Completed reload, in  4.898 seconds
Domain Reload Profiling:
	ReloadAssembly (4898ms)
		BeginReloadAssembly (378ms)
			ExecutionOrderSort (0ms)
			DisableScriptedObjects (4ms)
			BackupInstance (0ms)
			ReleaseScriptingObjects (0ms)
			CreateAndSetChildDomain (95ms)
		EndReloadAssembly (4360ms)
			LoadAssemblies (357ms)
			RebuildTransferFunctionScriptingTraits (1ms)
			SetupTypeCache (1295ms)
			ReleaseScriptCaches (21ms)
			RebuildScriptCaches (275ms)
			SetupLoadedEditorAssemblies (1426ms)
				LogAssemblyErrors (0ms)
				InitializePlatformSupportModulesInManaged (6ms)
				SetLoadedEditorAssemblies (0ms)
				RefreshPlugins (1ms)
				BeforeProcessingInitializeOnLoad (512ms)
				ProcessInitializeOnLoadAttributes (770ms)
				ProcessInitializeOnLoadMethodAttributes (34ms)
				AfterProcessingInitializeOnLoad (102ms)
				EditorAssembliesLoaded (0ms)
			ExecutionOrderSort2 (0ms)
			AwakeInstancesAfterBackupRestoration (86ms)
Platform modules already initialized, skipping
Refreshing native plugins compatible for Editor in 0.38 ms, found 2 plugins.
Preloading 0 native plugins for Editor in 0.00 ms.
Unloading 1496 Unused Serialized files (Serialized files now loaded: 0)
System memory in use before: 94.2 MB.
System memory in use after: 94.3 MB.

Unloading 15 unused Assets to reduce memory usage. Loaded Objects now: 1961.
Total: 11.929100 ms (FindLiveObjects: 0.193100 ms CreateObjectMapping: 0.078400 ms MarkObjects: 11.619200 ms  DeleteObjects: 0.036500 ms)

AssetImportParameters requested are different than current active one (requested -> active):
  custom:framework-win-MediaFoundation: 216162199b28c13a410421893ffa2e32 -> 
  custom:video-decoder-ogg-theora: a1e56fd34408186e4bbccfd4996cb3dc -> 
  custom:container-muxer-webm: aa71ff27fc2769a1b78a27578f13a17b -> 
  custom:container-demuxer-webm: 4f35f7cbe854078d1ac9338744f61a02 -> 
  custom:container-demuxer-ogg: 62fdf1f143b41e24485cea50d1cbac27 -> 
  custom:video-encoder-webm-vp8: eb34c28f22e8b96e1ab97ce403110664 -> 
  custom:video-codec-MediaFoundation-h265: 746d11721c4dcdbdad8f713fa42b33f4 -> 
  custom:video-decoder-webm-vp8: 9c59270c3fd7afecdb556c50c9e8de78 -> 
  custom:audio-decoder-ogg-vorbis: bf7c407c2cedff20999df2af8eb42d56 -> 
  custom:audio-encoder-webm-vorbis: bf7c407c2cedff20999df2af8eb42d56 -> 
========================================================================
Received Prepare
Registering precompiled user dll's ...
Registered in 0.055111 seconds.
Begin MonoManager ReloadAssembly
Native extension for WindowsStandalone target not found
Refreshing native plugins compatible for Editor in 0.71 ms, found 2 plugins.
Preloading 0 native plugins for Editor in 0.00 ms.
Mono: successfully reloaded assembly
- Completed reload, in  4.432 seconds
Domain Reload Profiling:
	ReloadAssembly (4433ms)
		BeginReloadAssembly (662ms)
			ExecutionOrderSort (0ms)
			DisableScriptedObjects (16ms)
			BackupInstance (0ms)
			ReleaseScriptingObjects (0ms)
			CreateAndSetChildDomain (238ms)
		EndReloadAssembly (3504ms)
			LoadAssemblies (534ms)
			RebuildTransferFunctionScriptingTraits (0ms)
			SetupTypeCache (1350ms)
			ReleaseScriptCaches (1ms)
			RebuildScriptCaches (131ms)
			SetupLoadedEditorAssemblies (1370ms)
				LogAssemblyErrors (0ms)
				InitializePlatformSupportModulesInManaged (12ms)
				SetLoadedEditorAssemblies (2ms)
				RefreshPlugins (1ms)
				BeforeProcessingInitializeOnLoad (269ms)
				ProcessInitializeOnLoadAttributes (1016ms)
				ProcessInitializeOnLoadMethodAttributes (21ms)
				AfterProcessingInitializeOnLoad (48ms)
				EditorAssembliesLoaded (0ms)
			ExecutionOrderSort2 (0ms)
			AwakeInstancesAfterBackupRestoration (17ms)
Platform modules already initialized, skipping
Refreshing native plugins compatible for Editor in 1.04 ms, found 2 plugins.
Preloading 0 native plugins for Editor in 0.00 ms.
Unloading 1496 Unused Serialized files (Serialized files now loaded: 0)
System memory in use before: 94.2 MB.
System memory in use after: 94.3 MB.

Unloading 14 unused Assets to reduce memory usage. Loaded Objects now: 1963.
Total: 17.743900 ms (FindLiveObjects: 0.340100 ms CreateObjectMapping: 0.121700 ms MarkObjects: 17.257000 ms  DeleteObjects: 0.023500 ms)

AssetImportParameters requested are different than current active one (requested -> active):
  custom:framework-win-MediaFoundation: 216162199b28c13a410421893ffa2e32 -> 
  custom:video-decoder-ogg-theora: a1e56fd34408186e4bbccfd4996cb3dc -> 
  custom:container-muxer-webm: aa71ff27fc2769a1b78a27578f13a17b -> 
  custom:container-demuxer-webm: 4f35f7cbe854078d1ac9338744f61a02 -> 
  custom:container-demuxer-ogg: 62fdf1f143b41e24485cea50d1cbac27 -> 
  custom:video-encoder-webm-vp8: eb34c28f22e8b96e1ab97ce403110664 -> 
  custom:video-codec-MediaFoundation-h265: 746d11721c4dcdbdad8f713fa42b33f4 -> 
  custom:video-decoder-webm-vp8: 9c59270c3fd7afecdb556c50c9e8de78 -> 
  custom:audio-decoder-ogg-vorbis: bf7c407c2cedff20999df2af8eb42d56 -> 
  custom:audio-encoder-webm-vorbis: bf7c407c2cedff20999df2af8eb42d56 -> 
AssetImportWorkerClient::OnTransportError - code=2 error=End of file
