Using pre-set license
Built from '2020.3/staging' branch; Version is '2020.3.20f1 (41c4e627c95f) revision 4310246'; Using compiler version '192528614'; Build Type 'Release'
OS: 'Windows 10 Pro; OS build 18362.1256; Version 1903; 64bit' Language: 'ko' Physical Memory: 16264 MB
BatchMode: 1, IsHumanControllingUs: 0, StartBugReporterOnCrash: 0, Is64bit: 1, IsPro: 0

COMMAND LINE ARGUMENTS:
C:\Program Files\Unity\Hub\Editor\2020.3.20f1\Editor\Unity.exe
-adb2
-batchMode
-noUpm
-name
AssetImportWorker0
-projectPath
C:/Users/SGA/Documents/GitHub/Unity_example/UI
-logFile
Logs/AssetImportWorker0.log
-srvPort
51896
Successfully changed project path to: C:/Users/SGA/Documents/GitHub/Unity_example/UI
C:/Users/SGA/Documents/GitHub/Unity_example/UI
Using Asset Import Pipeline V2.
Refreshing native plugins compatible for Editor in 95.09 ms, found 2 plugins.
Preloading 0 native plugins for Editor in 0.00 ms.
Initialize engine version: 2020.3.20f1 (41c4e627c95f)
[Subsystems] Discovering subsystems at path C:/Program Files/Unity/Hub/Editor/2020.3.20f1/Editor/Data/Resources/UnitySubsystems
[Subsystems] Discovering subsystems at path C:/Users/SGA/Documents/GitHub/Unity_example/UI/Assets
GfxDevice: creating device client; threaded=0
Direct3D:
    Version:  Direct3D 11.0 [level 11.1]
    Renderer: Intel(R) HD Graphics 630 (ID=0x5912)
    Vendor:   
    VRAM:     8132 MB
    Driver:   26.20.100.7323
Initialize mono
Mono path[0] = 'C:/Program Files/Unity/Hub/Editor/2020.3.20f1/Editor/Data/Managed'
Mono path[1] = 'C:/Program Files/Unity/Hub/Editor/2020.3.20f1/Editor/Data/MonoBleedingEdge/lib/mono/unityjit'
Mono config path = 'C:/Program Files/Unity/Hub/Editor/2020.3.20f1/Editor/Data/MonoBleedingEdge/etc'
Using monoOptions --debugger-agent=transport=dt_socket,embedding=1,server=y,suspend=n,address=127.0.0.1:56136
Begin MonoManager ReloadAssembly
Registering precompiled unity dll's ...
Register platform support module: C:/Program Files/Unity/Hub/Editor/2020.3.20f1/Editor/Data/PlaybackEngines/WindowsStandaloneSupport/UnityEditor.WindowsStandalone.Extensions.dll
Registered in 0.001293 seconds.
Native extension for WindowsStandalone target not found
Refreshing native plugins compatible for Editor in 40.79 ms, found 2 plugins.
Preloading 0 native plugins for Editor in 0.00 ms.
Mono: successfully reloaded assembly
- Completed reload, in  1.114 seconds
Domain Reload Profiling:
	ReloadAssembly (1114ms)
		BeginReloadAssembly (56ms)
			ExecutionOrderSort (0ms)
			DisableScriptedObjects (0ms)
			BackupInstance (0ms)
			ReleaseScriptingObjects (0ms)
			CreateAndSetChildDomain (1ms)
		EndReloadAssembly (438ms)
			LoadAssemblies (54ms)
			RebuildTransferFunctionScriptingTraits (0ms)
			SetupTypeCache (159ms)
			ReleaseScriptCaches (0ms)
			RebuildScriptCaches (31ms)
			SetupLoadedEditorAssemblies (173ms)
				LogAssemblyErrors (0ms)
				InitializePlatformSupportModulesInManaged (4ms)
				SetLoadedEditorAssemblies (0ms)
				RefreshPlugins (41ms)
				BeforeProcessingInitializeOnLoad (17ms)
				ProcessInitializeOnLoadAttributes (81ms)
				ProcessInitializeOnLoadMethodAttributes (29ms)
				AfterProcessingInitializeOnLoad (0ms)
				EditorAssembliesLoaded (0ms)
			ExecutionOrderSort2 (0ms)
			AwakeInstancesAfterBackupRestoration (0ms)
Platform modules already initialized, skipping
Registering precompiled user dll's ...
Registered in 0.004162 seconds.
Begin MonoManager ReloadAssembly
Native extension for WindowsStandalone target not found
Refreshing native plugins compatible for Editor in 0.48 ms, found 2 plugins.
Preloading 0 native plugins for Editor in 0.00 ms.
Mono: successfully reloaded assembly
- Completed reload, in  2.799 seconds
Domain Reload Profiling:
	ReloadAssembly (2801ms)
		BeginReloadAssembly (147ms)
			ExecutionOrderSort (0ms)
			DisableScriptedObjects (5ms)
			BackupInstance (0ms)
			ReleaseScriptingObjects (0ms)
			CreateAndSetChildDomain (19ms)
		EndReloadAssembly (2594ms)
			LoadAssemblies (83ms)
			RebuildTransferFunctionScriptingTraits (0ms)
			SetupTypeCache (294ms)
			ReleaseScriptCaches (0ms)
			RebuildScriptCaches (46ms)
			SetupLoadedEditorAssemblies (1870ms)
				LogAssemblyErrors (0ms)
				InitializePlatformSupportModulesInManaged (5ms)
				SetLoadedEditorAssemblies (0ms)
				RefreshPlugins (1ms)
				BeforeProcessingInitializeOnLoad (78ms)
				ProcessInitializeOnLoadAttributes (431ms)
				ProcessInitializeOnLoadMethodAttributes (1348ms)
				AfterProcessingInitializeOnLoad (6ms)
				EditorAssembliesLoaded (0ms)
			ExecutionOrderSort2 (0ms)
			AwakeInstancesAfterBackupRestoration (144ms)
Platform modules already initialized, skipping
========================================================================
Worker process is ready to serve import requests
Launched and connected shader compiler UnityShaderCompiler.exe after 0.07 seconds
Refreshing native plugins compatible for Editor in 0.40 ms, found 2 plugins.
Preloading 0 native plugins for Editor in 0.00 ms.
Unloading 1550 Unused Serialized files (Serialized files now loaded: 0)
System memory in use before: 73.5 MB.
System memory in use after: 73.6 MB.

Unloading 20 unused Assets to reduce memory usage. Loaded Objects now: 1986.
Total: 2.767600 ms (FindLiveObjects: 0.155100 ms CreateObjectMapping: 0.057200 ms MarkObjects: 2.480500 ms  DeleteObjects: 0.073600 ms)

AssetImportParameters requested are different than current active one (requested -> active):
  custom:framework-win-MediaFoundation: 216162199b28c13a410421893ffa2e32 -> 
  custom:video-decoder-ogg-theora: a1e56fd34408186e4bbccfd4996cb3dc -> 
  custom:container-muxer-webm: aa71ff27fc2769a1b78a27578f13a17b -> 
  custom:container-demuxer-webm: 4f35f7cbe854078d1ac9338744f61a02 -> 
  custom:container-demuxer-ogg: 62fdf1f143b41e24485cea50d1cbac27 -> 
  custom:video-encoder-webm-vp8: eb34c28f22e8b96e1ab97ce403110664 -> 
  custom:video-decoder-webm-vp8: 9c59270c3fd7afecdb556c50c9e8de78 -> 
  custom:audio-decoder-ogg-vorbis: bf7c407c2cedff20999df2af8eb42d56 -> 
  custom:audio-encoder-webm-vorbis: bf7c407c2cedff20999df2af8eb42d56 -> 
========================================================================
Received Import Request.
  path: Assets/Red.mat
  artifactKey: Guid(20b810b9b27b47143bb08f503337581d) Importer(815301076,1909f56bfc062723c751e8b465ee728b)
Start importing Assets/Red.mat using Guid(20b810b9b27b47143bb08f503337581d) Importer(815301076,1909f56bfc062723c751e8b465ee728b)  -> (artifact id: '524d4fc2009ea2316954923f594ab922') in 0.166167 seconds 
  Import took 0.169210 seconds .

========================================================================
Received Import Request.
  Time since last request: 0.000196 seconds.
  path: Assets/GroundBlack.mat
  artifactKey: Guid(69846a1b419ef8b46be0bc9c273774bb) Importer(815301076,1909f56bfc062723c751e8b465ee728b)
Start importing Assets/GroundBlack.mat using Guid(69846a1b419ef8b46be0bc9c273774bb) Importer(815301076,1909f56bfc062723c751e8b465ee728b)  -> (artifact id: 'd5f77576f3a768b081d098013d44bd34') in 0.024932 seconds 
  Import took 0.033277 seconds .

========================================================================
Received Import Request.
  Time since last request: 0.000185 seconds.
  path: Assets/BulletEffect.prefab
  artifactKey: Guid(b3910998aa6428044aa158c18489c9dc) Importer(815301076,1909f56bfc062723c751e8b465ee728b)
Start importing Assets/BulletEffect.prefab using Guid(b3910998aa6428044aa158c18489c9dc) Importer(815301076,1909f56bfc062723c751e8b465ee728b)  -> (artifact id: 'eccc9edac7da0bb90e2637f069601b8b') in 0.040816 seconds 
  Import took 0.043693 seconds .

========================================================================
Received Import Request.
  Time since last request: 0.000169 seconds.
  path: Assets/Bullet.prefab
  artifactKey: Guid(1eed167967677d34aaa54a1d243c8200) Importer(815301076,1909f56bfc062723c751e8b465ee728b)
Start importing Assets/Bullet.prefab using Guid(1eed167967677d34aaa54a1d243c8200) Importer(815301076,1909f56bfc062723c751e8b465ee728b)  -> (artifact id: '50ae0146bac447189359084a25ec8208') in 0.026370 seconds 
  Import took 0.029164 seconds .

========================================================================
Received Import Request.
  Time since last request: 167.194110 seconds.
  path: Assets/Bolt 2D DinoRun VE1/App Icon.png
  artifactKey: Guid(16a4acc20b9be4541ae863b483cd3ae1) Importer(815301076,1909f56bfc062723c751e8b465ee728b)
Start importing Assets/Bolt 2D DinoRun VE1/App Icon.png using Guid(16a4acc20b9be4541ae863b483cd3ae1) Importer(815301076,1909f56bfc062723c751e8b465ee728b)  -> (artifact id: 'af7f411d4c6d3ca38cfdc5b831ddbce0') in 0.036965 seconds 
  Import took 0.039801 seconds .

========================================================================
Received Import Request.
  Time since last request: 0.000273 seconds.
  path: Assets/Bolt 2D DinoRun VE1/Readme.asset
  artifactKey: Guid(2d66d2b3541c91a4c806ebb732376ce4) Importer(815301076,1909f56bfc062723c751e8b465ee728b)
Start importing Assets/Bolt 2D DinoRun VE1/Readme.asset using Guid(2d66d2b3541c91a4c806ebb732376ce4) Importer(815301076,1909f56bfc062723c751e8b465ee728b)  -> (artifact id: '3555455bf5f2f1b78796efa0b2c6f791') in 0.013310 seconds 
  Import took 0.019148 seconds .

========================================================================
Received Import Request.
  Time since last request: 18.481868 seconds.
  path: Assets/Bolt 2D DinoRun VE1/ReadMe/Icon.png
  artifactKey: Guid(863eba89c3a1fe745b8aca9216f926b8) Importer(815301076,1909f56bfc062723c751e8b465ee728b)
Start importing Assets/Bolt 2D DinoRun VE1/ReadMe/Icon.png using Guid(863eba89c3a1fe745b8aca9216f926b8) Importer(815301076,1909f56bfc062723c751e8b465ee728b)  -> (artifact id: 'ec51d88b223fcd3248e94e1b29ea2ad4') in 0.018267 seconds 
  Import took 0.021460 seconds .

========================================================================
Received Import Request.
  Time since last request: 1.784994 seconds.
  path: Assets/Bolt 2D DinoRun VE1/Sprites/Back A.png
  artifactKey: Guid(73c3f17bbee267148a2f224712eecba7) Importer(815301076,1909f56bfc062723c751e8b465ee728b)
Start importing Assets/Bolt 2D DinoRun VE1/Sprites/Back A.png using Guid(73c3f17bbee267148a2f224712eecba7) Importer(815301076,1909f56bfc062723c751e8b465ee728b)  -> (artifact id: '571f6556a9b1ebb734a5704583cd8ea8') in 0.016398 seconds 
  Import took 0.020015 seconds .

========================================================================
Received Import Request.
  Time since last request: 0.000212 seconds.
  path: Assets/Bolt 2D DinoRun VE1/Sprites/Player.png
  artifactKey: Guid(51c81e11cf1b83741a6d4debdf26562c) Importer(815301076,1909f56bfc062723c751e8b465ee728b)
Start importing Assets/Bolt 2D DinoRun VE1/Sprites/Player.png using Guid(51c81e11cf1b83741a6d4debdf26562c) Importer(815301076,1909f56bfc062723c751e8b465ee728b)  -> (artifact id: '0410aa55d10460605328bf7990eb20db') in 0.033636 seconds 
  Import took 0.036803 seconds .

========================================================================
Received Import Request.
  Time since last request: 0.000280 seconds.
  path: Assets/Bolt 2D DinoRun VE1/Sprites/Ground.png
  artifactKey: Guid(55c38370a8cd6314a8626c513e426605) Importer(815301076,1909f56bfc062723c751e8b465ee728b)
Start importing Assets/Bolt 2D DinoRun VE1/Sprites/Ground.png using Guid(55c38370a8cd6314a8626c513e426605) Importer(815301076,1909f56bfc062723c751e8b465ee728b)  -> (artifact id: 'cbe6e1f104276cefef4ccc5e58fe73f0') in 0.020300 seconds 
  Import took 0.024288 seconds .

========================================================================
Received Import Request.
  Time since last request: 0.000251 seconds.
  path: Assets/Bolt 2D DinoRun VE1/Sprites/Cactus C.png
  artifactKey: Guid(509cb56e68eb2404b902437d87eaab5a) Importer(815301076,1909f56bfc062723c751e8b465ee728b)
Start importing Assets/Bolt 2D DinoRun VE1/Sprites/Cactus C.png using Guid(509cb56e68eb2404b902437d87eaab5a) Importer(815301076,1909f56bfc062723c751e8b465ee728b)  -> (artifact id: '5e8b68827627a0bcafa948f76682f1c5') in 0.020799 seconds 
  Import took 0.025252 seconds .

========================================================================
Received Import Request.
  Time since last request: 0.000357 seconds.
  path: Assets/Bolt 2D DinoRun VE1/Sprites/Cloud A.png
  artifactKey: Guid(bd79f3830e84cf543972a859dc0807e8) Importer(815301076,1909f56bfc062723c751e8b465ee728b)
Start importing Assets/Bolt 2D DinoRun VE1/Sprites/Cloud A.png using Guid(bd79f3830e84cf543972a859dc0807e8) Importer(815301076,1909f56bfc062723c751e8b465ee728b)  -> (artifact id: 'bc898507f15540d5e831d1545fbdd87f') in 0.018720 seconds 
  Import took 0.022427 seconds .

========================================================================
Received Import Request.
  Time since last request: 0.000242 seconds.
  path: Assets/Bolt 2D DinoRun VE1/Sprites/Cactus A.png
  artifactKey: Guid(d5dceacb4ad9c71439838f9d84ddf1ae) Importer(815301076,1909f56bfc062723c751e8b465ee728b)
Start importing Assets/Bolt 2D DinoRun VE1/Sprites/Cactus A.png using Guid(d5dceacb4ad9c71439838f9d84ddf1ae) Importer(815301076,1909f56bfc062723c751e8b465ee728b)  -> (artifact id: 'b9d3c4046f93ed56418fa1857712ba80') in 0.019909 seconds 
  Import took 0.023659 seconds .

========================================================================
Received Import Request.
  Time since last request: 0.000216 seconds.
  path: Assets/Bolt 2D DinoRun VE1/Sprites/Sky.png
  artifactKey: Guid(686af9210bf8e3042a0ce5aae4d44e44) Importer(815301076,1909f56bfc062723c751e8b465ee728b)
Start importing Assets/Bolt 2D DinoRun VE1/Sprites/Sky.png using Guid(686af9210bf8e3042a0ce5aae4d44e44) Importer(815301076,1909f56bfc062723c751e8b465ee728b)  -> (artifact id: 'd50b0a6e80032a2431bf11da81ff9a75') in 0.018309 seconds 
  Import took 0.021156 seconds .

========================================================================
Received Import Request.
  Time since last request: 0.000186 seconds.
  path: Assets/Bolt 2D DinoRun VE1/Sprites/Cloud B.png
  artifactKey: Guid(f4a1ed8c5bcdb834889d9301f7ee1ab7) Importer(815301076,1909f56bfc062723c751e8b465ee728b)
Start importing Assets/Bolt 2D DinoRun VE1/Sprites/Cloud B.png using Guid(f4a1ed8c5bcdb834889d9301f7ee1ab7) Importer(815301076,1909f56bfc062723c751e8b465ee728b)  -> (artifact id: 'ae230ab0f0f4f3ae7ef7e5f9b0910064') in 0.017660 seconds 
  Import took 0.020637 seconds .

========================================================================
Received Import Request.
  Time since last request: 0.000229 seconds.
  path: Assets/Bolt 2D DinoRun VE1/Sprites/Back B.png
  artifactKey: Guid(56ea801d18819dd4eb62926f1c7c4a15) Importer(815301076,1909f56bfc062723c751e8b465ee728b)
Start importing Assets/Bolt 2D DinoRun VE1/Sprites/Back B.png using Guid(56ea801d18819dd4eb62926f1c7c4a15) Importer(815301076,1909f56bfc062723c751e8b465ee728b)  -> (artifact id: 'fea3da9f348a1e966dd0d130e5dacbc2') in 0.019545 seconds 
  Import took 0.022903 seconds .

========================================================================
Received Import Request.
  Time since last request: 0.000233 seconds.
  path: Assets/Bolt 2D DinoRun VE1/Sprites/Cactus B.png
  artifactKey: Guid(f49c007801b3fe846803154bfa86dc81) Importer(815301076,1909f56bfc062723c751e8b465ee728b)
Start importing Assets/Bolt 2D DinoRun VE1/Sprites/Cactus B.png using Guid(f49c007801b3fe846803154bfa86dc81) Importer(815301076,1909f56bfc062723c751e8b465ee728b)  -> (artifact id: '85a2897d77a47787a3b312acb8b57235') in 0.018009 seconds 
  Import took 0.021747 seconds .

========================================================================
Received Import Request.
  Time since last request: 1.320723 seconds.
  path: Assets/Bolt 2D DinoRun VE1/Sprites/BackControllor.cs
  artifactKey: Guid(b9abca114762f0040b1beec608cf7aa2) Importer(815301076,1909f56bfc062723c751e8b465ee728b)
Start importing Assets/Bolt 2D DinoRun VE1/Sprites/BackControllor.cs using Guid(b9abca114762f0040b1beec608cf7aa2) Importer(815301076,1909f56bfc062723c751e8b465ee728b)  -> (artifact id: 'dc67ea957a2850ab8cbb40a1657e5004') in 0.009152 seconds 
  Import took 0.011671 seconds .

========================================================================
Received Import Request.
  Time since last request: 10.443099 seconds.
  path: Assets/Bolt 2D DinoRun VE1/Sprites/GameManager.cs
  artifactKey: Guid(f1eebe3a0fdd1a846b266c9da7e42a1f) Importer(815301076,1909f56bfc062723c751e8b465ee728b)
Start importing Assets/Bolt 2D DinoRun VE1/Sprites/GameManager.cs using Guid(f1eebe3a0fdd1a846b266c9da7e42a1f) Importer(815301076,1909f56bfc062723c751e8b465ee728b)  -> (artifact id: '6473351b9cced57227663d59c737eba0') in 0.012306 seconds 
  Import took 0.016704 seconds .

========================================================================
Received Import Request.
  Time since last request: 729.238040 seconds.
  path: Assets/Bolt 2D DinoRun VE1/Sprites/UI Btn Down.png
  artifactKey: Guid(9b4b10262b3633647896ced3dbbc81ea) Importer(815301076,1909f56bfc062723c751e8b465ee728b)
Start importing Assets/Bolt 2D DinoRun VE1/Sprites/UI Btn Down.png using Guid(9b4b10262b3633647896ced3dbbc81ea) Importer(815301076,1909f56bfc062723c751e8b465ee728b)  -> (artifact id: '44396a096950021afc6c17fc4eb4ef83') in 0.037660 seconds 
  Import took 0.040804 seconds .

========================================================================
Received Import Request.
  Time since last request: 0.342935 seconds.
  path: Assets/Bolt 2D DinoRun VE1/Sprites/UI Btn On.png
  artifactKey: Guid(3649a01a49d94c947820dd1c88eb3975) Importer(815301076,1909f56bfc062723c751e8b465ee728b)
Start importing Assets/Bolt 2D DinoRun VE1/Sprites/UI Btn On.png using Guid(3649a01a49d94c947820dd1c88eb3975) Importer(815301076,1909f56bfc062723c751e8b465ee728b)  -> (artifact id: 'bb66424cc78034d78c8635a26a8f5d66') in 0.028768 seconds 
  Import took 0.032424 seconds .

========================================================================
Received Import Request.
  Time since last request: 0.000263 seconds.
  path: Assets/Bolt 2D DinoRun VE1/Sprites/UI Over.png
  artifactKey: Guid(b73265accab188e409461260602e7e36) Importer(815301076,1909f56bfc062723c751e8b465ee728b)
Start importing Assets/Bolt 2D DinoRun VE1/Sprites/UI Over.png using Guid(b73265accab188e409461260602e7e36) Importer(815301076,1909f56bfc062723c751e8b465ee728b)  -> (artifact id: '14f64b6aef993579fd41e430136f5c16') in 0.028509 seconds 
  Import took 0.032928 seconds .

========================================================================
Received Import Request.
  Time since last request: 1.822639 seconds.
  path: Assets/Bolt 2D DinoRun VE1/Sprites/PlayerControllor.cs
  artifactKey: Guid(cffbc9c60546aad46acf86ff221f2135) Importer(815301076,1909f56bfc062723c751e8b465ee728b)
Start importing Assets/Bolt 2D DinoRun VE1/Sprites/PlayerControllor.cs using Guid(cffbc9c60546aad46acf86ff221f2135) Importer(815301076,1909f56bfc062723c751e8b465ee728b)  -> (artifact id: 'e7ab960eb1035adec0e65d633f5894ed') in 0.008610 seconds 
  Import took 0.011188 seconds .

AssetImportWorkerClient::OnTransportError - code=2 error=End of file
