Using pre-set license
Built from '2020.3/staging' branch; Version is '2020.3.21f1 (a38c86f6690f) revision 10718342'; Using compiler version '192528614'; Build Type 'Release'
OS: 'Windows 10 Home; OS build 19043.1348; Version 2009; 64bit' Language: 'ko' Physical Memory: 16348 MB
BatchMode: 1, IsHumanControllingUs: 0, StartBugReporterOnCrash: 0, Is64bit: 1, IsPro: 0

COMMAND LINE ARGUMENTS:
C:\Program Files\Unity\Hub\Editor\2020.3.21f1\Editor\Unity.exe
-adb2
-batchMode
-noUpm
-name
AssetImportWorker0
-projectPath
C:/Users/asakq/Documents/GitHub/Unity_example/UI
-logFile
Logs/AssetImportWorker0.log
-srvPort
5679
Successfully changed project path to: C:/Users/asakq/Documents/GitHub/Unity_example/UI
C:/Users/asakq/Documents/GitHub/Unity_example/UI
Using Asset Import Pipeline V2.
Refreshing native plugins compatible for Editor in 48.53 ms, found 2 plugins.
Preloading 0 native plugins for Editor in 0.00 ms.
Initialize engine version: 2020.3.21f1 (a38c86f6690f)
[Subsystems] Discovering subsystems at path C:/Program Files/Unity/Hub/Editor/2020.3.21f1/Editor/Data/Resources/UnitySubsystems
[Subsystems] Discovering subsystems at path C:/Users/asakq/Documents/GitHub/Unity_example/UI/Assets
GfxDevice: creating device client; threaded=0
Direct3D:
    Version:  Direct3D 11.0 [level 11.1]
    Renderer: NVIDIA GeForce GTX 1050 (ID=0x1c81)
    Vendor:   
    VRAM:     1977 MB
    Driver:   27.21.14.5671
Initialize mono
Mono path[0] = 'C:/Program Files/Unity/Hub/Editor/2020.3.21f1/Editor/Data/Managed'
Mono path[1] = 'C:/Program Files/Unity/Hub/Editor/2020.3.21f1/Editor/Data/MonoBleedingEdge/lib/mono/unityjit'
Mono config path = 'C:/Program Files/Unity/Hub/Editor/2020.3.21f1/Editor/Data/MonoBleedingEdge/etc'
Using monoOptions --debugger-agent=transport=dt_socket,embedding=1,server=y,suspend=n,address=127.0.0.1:56004
Begin MonoManager ReloadAssembly
Registering precompiled unity dll's ...
Register platform support module: C:/Program Files/Unity/Hub/Editor/2020.3.21f1/Editor/Data/PlaybackEngines/WindowsStandaloneSupport/UnityEditor.WindowsStandalone.Extensions.dll
Registered in 0.004272 seconds.
Native extension for WindowsStandalone target not found
Refreshing native plugins compatible for Editor in 38.31 ms, found 2 plugins.
Preloading 0 native plugins for Editor in 0.00 ms.
Mono: successfully reloaded assembly
- Completed reload, in  2.879 seconds
Domain Reload Profiling:
	ReloadAssembly (2879ms)
		BeginReloadAssembly (90ms)
			ExecutionOrderSort (0ms)
			DisableScriptedObjects (0ms)
			BackupInstance (0ms)
			ReleaseScriptingObjects (0ms)
			CreateAndSetChildDomain (1ms)
		EndReloadAssembly (496ms)
			LoadAssemblies (87ms)
			RebuildTransferFunctionScriptingTraits (0ms)
			SetupTypeCache (154ms)
			ReleaseScriptCaches (0ms)
			RebuildScriptCaches (31ms)
			SetupLoadedEditorAssemblies (167ms)
				LogAssemblyErrors (0ms)
				InitializePlatformSupportModulesInManaged (5ms)
				SetLoadedEditorAssemblies (0ms)
				RefreshPlugins (38ms)
				BeforeProcessingInitializeOnLoad (17ms)
				ProcessInitializeOnLoadAttributes (78ms)
				ProcessInitializeOnLoadMethodAttributes (29ms)
				AfterProcessingInitializeOnLoad (0ms)
				EditorAssembliesLoaded (0ms)
			ExecutionOrderSort2 (0ms)
			AwakeInstancesAfterBackupRestoration (0ms)
Platform modules already initialized, skipping
Registering precompiled user dll's ...
Registered in 0.011848 seconds.
Begin MonoManager ReloadAssembly
Native extension for WindowsStandalone target not found
Refreshing native plugins compatible for Editor in 0.40 ms, found 2 plugins.
Preloading 0 native plugins for Editor in 0.00 ms.
Mono: successfully reloaded assembly
- Completed reload, in  1.084 seconds
Domain Reload Profiling:
	ReloadAssembly (1086ms)
		BeginReloadAssembly (168ms)
			ExecutionOrderSort (0ms)
			DisableScriptedObjects (4ms)
			BackupInstance (0ms)
			ReleaseScriptingObjects (0ms)
			CreateAndSetChildDomain (18ms)
		EndReloadAssembly (844ms)
			LoadAssemblies (124ms)
			RebuildTransferFunctionScriptingTraits (0ms)
			SetupTypeCache (280ms)
			ReleaseScriptCaches (0ms)
			RebuildScriptCaches (39ms)
			SetupLoadedEditorAssemblies (327ms)
				LogAssemblyErrors (0ms)
				InitializePlatformSupportModulesInManaged (5ms)
				SetLoadedEditorAssemblies (0ms)
				RefreshPlugins (0ms)
				BeforeProcessingInitializeOnLoad (91ms)
				ProcessInitializeOnLoadAttributes (205ms)
				ProcessInitializeOnLoadMethodAttributes (9ms)
				AfterProcessingInitializeOnLoad (16ms)
				EditorAssembliesLoaded (0ms)
			ExecutionOrderSort2 (0ms)
			AwakeInstancesAfterBackupRestoration (6ms)
Platform modules already initialized, skipping
========================================================================
Worker process is ready to serve import requests
Launched and connected shader compiler UnityShaderCompiler.exe after 0.05 seconds
Refreshing native plugins compatible for Editor in 0.40 ms, found 2 plugins.
Preloading 0 native plugins for Editor in 0.00 ms.
Unloading 1550 Unused Serialized files (Serialized files now loaded: 0)
System memory in use before: 73.3 MB.
System memory in use after: 73.4 MB.

Unloading 20 unused Assets to reduce memory usage. Loaded Objects now: 1986.
Total: 2.886200 ms (FindLiveObjects: 0.144100 ms CreateObjectMapping: 0.043900 ms MarkObjects: 2.605500 ms  DeleteObjects: 0.091400 ms)

AssetImportParameters requested are different than current active one (requested -> active):
  custom:framework-win-MediaFoundation: 216162199b28c13a410421893ffa2e32 -> 
  custom:video-decoder-ogg-theora: a1e56fd34408186e4bbccfd4996cb3dc -> 
  custom:container-muxer-webm: aa71ff27fc2769a1b78a27578f13a17b -> 
  custom:container-demuxer-webm: 4f35f7cbe854078d1ac9338744f61a02 -> 
  custom:container-demuxer-ogg: 62fdf1f143b41e24485cea50d1cbac27 -> 
  custom:video-encoder-webm-vp8: eb34c28f22e8b96e1ab97ce403110664 -> 
  custom:video-codec-MediaFoundation-h265: 746d11721c4dcdbdad8f713fa42b33f4 -> 
  custom:video-decoder-webm-vp8: 9c59270c3fd7afecdb556c50c9e8de78 -> 
  custom:audio-decoder-ogg-vorbis: bf7c407c2cedff20999df2af8eb42d56 -> 
  custom:audio-encoder-webm-vorbis: bf7c407c2cedff20999df2af8eb42d56 -> 
========================================================================
Received Import Request.
  path: Assets/Red.mat
  artifactKey: Guid(20b810b9b27b47143bb08f503337581d) Importer(815301076,1909f56bfc062723c751e8b465ee728b)
Start importing Assets/Red.mat using Guid(20b810b9b27b47143bb08f503337581d) Importer(815301076,1909f56bfc062723c751e8b465ee728b)  -> (artifact id: 'ae7436befe34f0151a50cc8145d59a17') in 0.240070 seconds 
  Import took 0.242919 seconds .

========================================================================
Received Import Request.
  Time since last request: 0.000225 seconds.
  path: Assets/GroundBlack.mat
  artifactKey: Guid(69846a1b419ef8b46be0bc9c273774bb) Importer(815301076,1909f56bfc062723c751e8b465ee728b)
Start importing Assets/GroundBlack.mat using Guid(69846a1b419ef8b46be0bc9c273774bb) Importer(815301076,1909f56bfc062723c751e8b465ee728b)  -> (artifact id: '1a05e56a0a4501b4cb5b2ac0433e530f') in 0.028871 seconds 
  Import took 0.031700 seconds .

========================================================================
Received Import Request.
  Time since last request: 0.000218 seconds.
  path: Assets/BulletEffect.prefab
  artifactKey: Guid(b3910998aa6428044aa158c18489c9dc) Importer(815301076,1909f56bfc062723c751e8b465ee728b)
Start importing Assets/BulletEffect.prefab using Guid(b3910998aa6428044aa158c18489c9dc) Importer(815301076,1909f56bfc062723c751e8b465ee728b)  -> (artifact id: 'b2c2529628c9180cd6fe81fc2e14e4bf') in 0.049680 seconds 
  Import took 0.053056 seconds .

========================================================================
Received Import Request.
  Time since last request: 0.000224 seconds.
  path: Assets/Bullet.prefab
  artifactKey: Guid(1eed167967677d34aaa54a1d243c8200) Importer(815301076,1909f56bfc062723c751e8b465ee728b)
Start importing Assets/Bullet.prefab using Guid(1eed167967677d34aaa54a1d243c8200) Importer(815301076,1909f56bfc062723c751e8b465ee728b)  -> (artifact id: '55cefc45d329a0feae6c9be8fb3fc48f') in 0.019074 seconds 
  Import took 0.022098 seconds .

========================================================================
Received Import Request.
  Time since last request: 173.770007 seconds.
  path: Assets/Bolt 2D DinoRun VE1/App Icon.png
  artifactKey: Guid(16a4acc20b9be4541ae863b483cd3ae1) Importer(815301076,1909f56bfc062723c751e8b465ee728b)
Start importing Assets/Bolt 2D DinoRun VE1/App Icon.png using Guid(16a4acc20b9be4541ae863b483cd3ae1) Importer(815301076,1909f56bfc062723c751e8b465ee728b)  -> (artifact id: 'b626e85389e0be32301a9481432ff3c2') in 0.134809 seconds 
  Import took 0.138679 seconds .

========================================================================
Received Import Request.
  Time since last request: 0.000229 seconds.
  path: Assets/Bolt 2D DinoRun VE1/Readme.asset
  artifactKey: Guid(2d66d2b3541c91a4c806ebb732376ce4) Importer(815301076,1909f56bfc062723c751e8b465ee728b)
Start importing Assets/Bolt 2D DinoRun VE1/Readme.asset using Guid(2d66d2b3541c91a4c806ebb732376ce4) Importer(815301076,1909f56bfc062723c751e8b465ee728b)  -> (artifact id: '9ed6cf981aff7090623efd7d0b50f02e') in 0.021638 seconds 
  Import took 0.026093 seconds .

========================================================================
Received Import Request.
  Time since last request: 1.596702 seconds.
  path: Assets/Bolt 2D DinoRun VE1/Sprites
  artifactKey: Guid(1d71b0995532c204a9c4115b7a48ca23) Importer(815301076,1909f56bfc062723c751e8b465ee728b)
Start importing Assets/Bolt 2D DinoRun VE1/Sprites using Guid(1d71b0995532c204a9c4115b7a48ca23) Importer(815301076,1909f56bfc062723c751e8b465ee728b)  -> (artifact id: '05c0a4d77f9aa7852b8d8b2f75377ea5') in 0.005830 seconds 
  Import took 0.008703 seconds .

========================================================================
Received Import Request.
  Time since last request: 0.078037 seconds.
  path: Assets/Bolt 2D DinoRun VE1/Sprites/Back A.png
  artifactKey: Guid(73c3f17bbee267148a2f224712eecba7) Importer(815301076,1909f56bfc062723c751e8b465ee728b)
Start importing Assets/Bolt 2D DinoRun VE1/Sprites/Back A.png using Guid(73c3f17bbee267148a2f224712eecba7) Importer(815301076,1909f56bfc062723c751e8b465ee728b)  -> (artifact id: '5e42e936ec094d178c0dff5c016d102c') in 0.014006 seconds 
  Import took 0.017081 seconds .

========================================================================
Received Import Request.
  Time since last request: 0.000279 seconds.
  path: Assets/Bolt 2D DinoRun VE1/Sprites/Player.png
  artifactKey: Guid(51c81e11cf1b83741a6d4debdf26562c) Importer(815301076,1909f56bfc062723c751e8b465ee728b)
Start importing Assets/Bolt 2D DinoRun VE1/Sprites/Player.png using Guid(51c81e11cf1b83741a6d4debdf26562c) Importer(815301076,1909f56bfc062723c751e8b465ee728b)  -> (artifact id: 'a820dd434c3e3761b2e2ebf4be91c5b7') in 0.033322 seconds 
  Import took 0.036136 seconds .

========================================================================
Received Import Request.
  Time since last request: 0.000235 seconds.
  path: Assets/Bolt 2D DinoRun VE1/Sprites/Ground.png
  artifactKey: Guid(55c38370a8cd6314a8626c513e426605) Importer(815301076,1909f56bfc062723c751e8b465ee728b)
Start importing Assets/Bolt 2D DinoRun VE1/Sprites/Ground.png using Guid(55c38370a8cd6314a8626c513e426605) Importer(815301076,1909f56bfc062723c751e8b465ee728b)  -> (artifact id: '5fdb5acdde6051a2079ee46b7ae59559') in 0.017167 seconds 
  Import took 0.020343 seconds .

========================================================================
Received Import Request.
  Time since last request: 0.000289 seconds.
  path: Assets/Bolt 2D DinoRun VE1/Sprites/Cactus C.png
  artifactKey: Guid(509cb56e68eb2404b902437d87eaab5a) Importer(815301076,1909f56bfc062723c751e8b465ee728b)
Start importing Assets/Bolt 2D DinoRun VE1/Sprites/Cactus C.png using Guid(509cb56e68eb2404b902437d87eaab5a) Importer(815301076,1909f56bfc062723c751e8b465ee728b)  -> (artifact id: 'e142639e63d332f16a5be63b3394490e') in 0.027498 seconds 
  Import took 0.030672 seconds .

========================================================================
Received Import Request.
  Time since last request: 0.000240 seconds.
  path: Assets/Bolt 2D DinoRun VE1/Sprites/Cloud A.png
  artifactKey: Guid(bd79f3830e84cf543972a859dc0807e8) Importer(815301076,1909f56bfc062723c751e8b465ee728b)
Start importing Assets/Bolt 2D DinoRun VE1/Sprites/Cloud A.png using Guid(bd79f3830e84cf543972a859dc0807e8) Importer(815301076,1909f56bfc062723c751e8b465ee728b)  -> (artifact id: 'da33bb879f7e81eb288ad0998f7d1dee') in 0.017532 seconds 
  Import took 0.020190 seconds .

========================================================================
Received Import Request.
  Time since last request: 0.000213 seconds.
  path: Assets/Bolt 2D DinoRun VE1/Sprites/Cactus A.png
  artifactKey: Guid(d5dceacb4ad9c71439838f9d84ddf1ae) Importer(815301076,1909f56bfc062723c751e8b465ee728b)
Start importing Assets/Bolt 2D DinoRun VE1/Sprites/Cactus A.png using Guid(d5dceacb4ad9c71439838f9d84ddf1ae) Importer(815301076,1909f56bfc062723c751e8b465ee728b)  -> (artifact id: '70bb3021cee2f881d3760425c32470b2') in 0.017727 seconds 
  Import took 0.020445 seconds .

========================================================================
Received Import Request.
  Time since last request: 0.000258 seconds.
  path: Assets/Bolt 2D DinoRun VE1/Sprites/Sky.png
  artifactKey: Guid(686af9210bf8e3042a0ce5aae4d44e44) Importer(815301076,1909f56bfc062723c751e8b465ee728b)
Start importing Assets/Bolt 2D DinoRun VE1/Sprites/Sky.png using Guid(686af9210bf8e3042a0ce5aae4d44e44) Importer(815301076,1909f56bfc062723c751e8b465ee728b)  -> (artifact id: 'ab45af07a5e6b143e7614ce8b5ce1f2e') in 0.025899 seconds 
  Import took 0.028947 seconds .

========================================================================
Received Import Request.
  Time since last request: 0.000254 seconds.
  path: Assets/Bolt 2D DinoRun VE1/Sprites/Cloud B.png
  artifactKey: Guid(f4a1ed8c5bcdb834889d9301f7ee1ab7) Importer(815301076,1909f56bfc062723c751e8b465ee728b)
Start importing Assets/Bolt 2D DinoRun VE1/Sprites/Cloud B.png using Guid(f4a1ed8c5bcdb834889d9301f7ee1ab7) Importer(815301076,1909f56bfc062723c751e8b465ee728b)  -> (artifact id: '0db38f495c04b00166d859f7906e0977') in 0.030782 seconds 
  Import took 0.033772 seconds .

========================================================================
Received Import Request.
  Time since last request: 0.000240 seconds.
  path: Assets/Bolt 2D DinoRun VE1/Sprites/Back B.png
  artifactKey: Guid(56ea801d18819dd4eb62926f1c7c4a15) Importer(815301076,1909f56bfc062723c751e8b465ee728b)
Start importing Assets/Bolt 2D DinoRun VE1/Sprites/Back B.png using Guid(56ea801d18819dd4eb62926f1c7c4a15) Importer(815301076,1909f56bfc062723c751e8b465ee728b)  -> (artifact id: 'd1d160e7e92fa5bac20c489aaa4439b4') in 0.026162 seconds 
  Import took 0.029036 seconds .

========================================================================
Received Import Request.
  Time since last request: 0.000206 seconds.
  path: Assets/Bolt 2D DinoRun VE1/Sprites/Cactus B.png
  artifactKey: Guid(f49c007801b3fe846803154bfa86dc81) Importer(815301076,1909f56bfc062723c751e8b465ee728b)
Start importing Assets/Bolt 2D DinoRun VE1/Sprites/Cactus B.png using Guid(f49c007801b3fe846803154bfa86dc81) Importer(815301076,1909f56bfc062723c751e8b465ee728b)  -> (artifact id: '516cbd01e97251cebbce5f4aea565736') in 0.020095 seconds 
  Import took 0.023201 seconds .

========================================================================
Received Import Request.
  Time since last request: 1.080039 seconds.
  path: Assets/Bolt 2D DinoRun VE1/Sprites/BackControllor.cs
  artifactKey: Guid(b9abca114762f0040b1beec608cf7aa2) Importer(815301076,1909f56bfc062723c751e8b465ee728b)
Start importing Assets/Bolt 2D DinoRun VE1/Sprites/BackControllor.cs using Guid(b9abca114762f0040b1beec608cf7aa2) Importer(815301076,1909f56bfc062723c751e8b465ee728b)  -> (artifact id: 'd1ccef7655ea1d995bdfc727af278010') in 0.017036 seconds 
  Import took 0.020513 seconds .

========================================================================
Received Import Request.
  Time since last request: 11.107024 seconds.
  path: Assets/Scenes
  artifactKey: Guid(987e4cbee39073d41b3bcc3924f9fe9e) Importer(815301076,1909f56bfc062723c751e8b465ee728b)
Start importing Assets/Scenes using Guid(987e4cbee39073d41b3bcc3924f9fe9e) Importer(815301076,1909f56bfc062723c751e8b465ee728b)  -> (artifact id: 'ddb71716088d2a6bf4924fb924ff3137') in 0.008160 seconds 
  Import took 0.010852 seconds .

========================================================================
Received Import Request.
  Time since last request: 0.956666 seconds.
  path: Assets/Scenes/Bolt DinoRun.unity
  artifactKey: Guid(d89a0726dd12d244d9cc4e105b3de1db) Importer(815301076,1909f56bfc062723c751e8b465ee728b)
Start importing Assets/Scenes/Bolt DinoRun.unity using Guid(d89a0726dd12d244d9cc4e105b3de1db) Importer(815301076,1909f56bfc062723c751e8b465ee728b)  -> (artifact id: 'c58b624bdc61973157ef8472e83f1674') in 0.007465 seconds 
  Import took 0.010822 seconds .

========================================================================
Received Import Request.
  Time since last request: 3.934071 seconds.
  path: Assets/Scenes/UI.unity
  artifactKey: Guid(529c2ca5b86d5c44b8bd7672db821bbb) Importer(815301076,1909f56bfc062723c751e8b465ee728b)
Start importing Assets/Scenes/UI.unity using Guid(529c2ca5b86d5c44b8bd7672db821bbb) Importer(815301076,1909f56bfc062723c751e8b465ee728b)  -> (artifact id: '15adc97989676baffbe71c9ab71f157b') in 0.007174 seconds 
  Import took 0.009990 seconds .

========================================================================
Received Import Request.
  Time since last request: 12.319482 seconds.
  path: Assets/AudioPlayer.cs
  artifactKey: Guid(1e4498f7c82e608458ca58f35efe5113) Importer(815301076,1909f56bfc062723c751e8b465ee728b)
Start importing Assets/AudioPlayer.cs using Guid(1e4498f7c82e608458ca58f35efe5113) Importer(815301076,1909f56bfc062723c751e8b465ee728b)  -> (artifact id: '2a1c5b4efa4aa3314093c7ed42868b61') in 0.010636 seconds 
  Import took 0.014106 seconds .

========================================================================
Received Import Request.
  Time since last request: 3.040363 seconds.
  path: Assets/BulletControllor.cs
  artifactKey: Guid(40b2b382af3e66648924eae22ac6888b) Importer(815301076,1909f56bfc062723c751e8b465ee728b)
Start importing Assets/BulletControllor.cs using Guid(40b2b382af3e66648924eae22ac6888b) Importer(815301076,1909f56bfc062723c751e8b465ee728b)  -> (artifact id: '8a4575d0607e5cda268bf2062554ec0c') in 0.005834 seconds 
  Import took 0.009392 seconds .

========================================================================
Received Import Request.
  Time since last request: 830.542367 seconds.
  path: Assets/PLayerControl.cs
  artifactKey: Guid(c27c6c3051ba3514c88bb8f2d207a603) Importer(815301076,1909f56bfc062723c751e8b465ee728b)
Start importing Assets/PLayerControl.cs using Guid(c27c6c3051ba3514c88bb8f2d207a603) Importer(815301076,1909f56bfc062723c751e8b465ee728b)  -> (artifact id: '23497b38b0c9d807159c38a0c408a684') in 0.008467 seconds 
  Import took 0.012635 seconds .

========================================================================
Received Import Request.
  Time since last request: 1.297723 seconds.
  path: Assets/SoundManager.cs
  artifactKey: Guid(b52c0b6dd93135c498234d0e975d7127) Importer(815301076,1909f56bfc062723c751e8b465ee728b)
Start importing Assets/SoundManager.cs using Guid(b52c0b6dd93135c498234d0e975d7127) Importer(815301076,1909f56bfc062723c751e8b465ee728b)  -> (artifact id: '8ddb11ed990a69944dadfd1958bb09bd') in 0.005790 seconds 
  Import took 0.011195 seconds .

========================================================================
Received Import Request.
  Time since last request: 120.432114 seconds.
  path: Assets/MySkill.cs
  artifactKey: Guid(af9b5cdc34dd1d146a9ec34e92657d68) Importer(815301076,1909f56bfc062723c751e8b465ee728b)
Start importing Assets/MySkill.cs using Guid(af9b5cdc34dd1d146a9ec34e92657d68) Importer(815301076,1909f56bfc062723c751e8b465ee728b)  -> (artifact id: '8db01579897cc1445167582620eed4cf') in 0.008380 seconds 
  Import took 0.011620 seconds .

AssetImportWorkerClient::OnTransportError - code=2 error=End of file
